Added Component: Designator=+3V3_1(5008 - Keystone Compact Footprint)
Added Component: Designator=+3V3_2(5008 - Keystone Compact Footprint)
Added Component: Designator=+11V1(5008 - Keystone Compact Footprint)
Added Component: Designator=+11V2(5008 - Keystone Compact Footprint)
Added Component: Designator=C1_1(C - 860020574012)
Add component (AddParameter): Name = "Parameter 2"; Value = ""; VariantName = "[No Variations]"
Add component (AddParameter): Name = "Value"; Value = "220uF"; VariantName = "[No Variations]"
Added Component: Designator=C1_2(C - 860020574012)
Add component (AddParameter): Name = "Parameter 2"; Value = ""; VariantName = "[No Variations]"
Add component (AddParameter): Name = "Value"; Value = "220uF"; VariantName = "[No Variations]"
Added Component: Designator=C2_1(CAP_0603)
Add component (AddParameter): Name = "Parameter 2"; Value = ""; VariantName = "[No Variations]"
Add component (AddParameter): Name = "Value"; Value = "100nF"; VariantName = "[No Variations]"
Added Component: Designator=C2_2(CAP_0603)
Add component (AddParameter): Name = "Parameter 2"; Value = ""; VariantName = "[No Variations]"
Add component (AddParameter): Name = "Value"; Value = "100nF"; VariantName = "[No Variations]"
Added Component: Designator=C3_1(CAP_0603)
Add component (AddParameter): Name = "Parameter 2"; Value = ""; VariantName = "[No Variations]"
Add component (AddParameter): Name = "Value"; Value = "100nF"; VariantName = "[No Variations]"
Added Component: Designator=C3_2(CAP_0603)
Add component (AddParameter): Name = "Parameter 2"; Value = ""; VariantName = "[No Variations]"
Add component (AddParameter): Name = "Value"; Value = "100nF"; VariantName = "[No Variations]"
Add component: Footprint Not Found D - DF2B5M4CT,L3F
Added Component: Designator=D2(D - SMAJ15CA)
Added Component: Designator=D3(LED 0603)
Added Component: Designator=D4(LED 0603)
Added Component: Designator=DNP1(DNP 0603)
Added Component: Designator=DNP2(DNP 0603)
Added Component: Designator=DNP3(DNP 0603)
Added Component: Designator=DNP4(DNP 0603)
Added Component: Designator=DNP5_1(DNP 0603)
Added Component: Designator=DNP5_2(DNP 0603)
Added Component: Designator=DNP6_1(DNP 0603)
Added Component: Designator=DNP6_2(DNP 0603)
Added Component: Designator=GND1(5008 - Keystone Compact Footprint)
Added Component: Designator=GND2(5008 - Keystone Compact Footprint)
Added Component: Designator=GND3(5008 - Keystone Compact Footprint)
Added Component: Designator=GND?(5008 - Keystone Compact Footprint)
Added Component: Designator=J1(J - 61300411121)
Added Component: Designator=J2(J - 61300411121)
Added Component: Designator=J3(J - 1990009)
Added Component: Designator=J4(J - 1990009)
Added Component: Designator=J5(J - 61300411121)
Added Component: Designator=J6(J - 1990009)
Added Component: Designator=MI1_1(SMD Pad Testpoint Rectangular (Signal))
Added Component: Designator=MI1_2(SMD Pad Testpoint Rectangular (Signal))
Added Component: Designator=MI2_1(SMD Pad Testpoint Rectangular (Signal))
Added Component: Designator=MI2_2(SMD Pad Testpoint Rectangular (Signal))
Added Component: Designator=MIS_1(SMD Pad Testpoint Rectangular (Signal))
Added Component: Designator=MIS_2(SMD Pad Testpoint Rectangular (Signal))
Added Component: Designator=MO1_1(TP - SMD Pad Testpoint)
Added Component: Designator=MO1_2(TP - SMD Pad Testpoint)
Added Component: Designator=MO2_1(TP - SMD Pad Testpoint)
Added Component: Designator=MO2_2(TP - SMD Pad Testpoint)
Added Component: Designator=R1(RES 0603)
Add component (AddParameter): Name = "Value"; Value = "1k"; VariantName = "[No Variations]"
Added Component: Designator=R2(RES 0603)
Add component (AddParameter): Name = "Value"; Value = "220"; VariantName = "[No Variations]"
Added Component: Designator=R3_1(RES 0603)
Add component (AddParameter): Name = "Value"; Value = "620"; VariantName = "[No Variations]"
Added Component: Designator=R3_2(RES 0603)
Add component (AddParameter): Name = "Value"; Value = "620"; VariantName = "[No Variations]"
Added Component: Designator=TH1(M3 Mounting)
Added Component: Designator=TH2(M3 Mounting)
Added Component: Designator=TH3(M3 Mounting)
Added Component: Designator=TH4(M3 Mounting)
Added Component: Designator=U1_1(U - DRV8251ADDAR)
Add component (AddParameter): Name = "Copyright"; Value = "Copyright (C) 2026 Ultra Librarian. All rights reserved."; VariantName = "[No Variations]"
Add component (AddParameter): Name = "Datasheet"; Value = "https://www.ti.com/lit/gpn/drv8251a"; VariantName = "[No Variations]"
Add component (AddParameter): Name = "Manufacturer_Name"; Value = "Texas Instruments"; VariantName = "[No Variations]"
Add component (AddParameter): Name = "Manufacturer_Part_Number"; Value = "DRV8251ADDAR"; VariantName = "[No Variations]"
Add component (AddParameter): Name = "RefDes"; Value = "RefDes"; VariantName = "[No Variations]"
Add component (AddParameter): Name = "Type"; Value = "Type"; VariantName = "[No Variations]"
Added Component: Designator=U1_2(U - DRV8251ADDAR)
Add component (AddParameter): Name = "Copyright"; Value = "Copyright (C) 2026 Ultra Librarian. All rights reserved."; VariantName = "[No Variations]"
Add component (AddParameter): Name = "Datasheet"; Value = "https://www.ti.com/lit/gpn/drv8251a"; VariantName = "[No Variations]"
Add component (AddParameter): Name = "Manufacturer_Name"; Value = "Texas Instruments"; VariantName = "[No Variations]"
Add component (AddParameter): Name = "Manufacturer_Part_Number"; Value = "DRV8251ADDAR"; VariantName = "[No Variations]"
Add component (AddParameter): Name = "RefDes"; Value = "RefDes"; VariantName = "[No Variations]"
Add component (AddParameter): Name = "Type"; Value = "Type"; VariantName = "[No Variations]"
Added Pin To Net: NetName=GND Pin=C1_1-2
Added Pin To Net: NetName=GND Pin=C1_2-2
Added Pin To Net: NetName=GND Pin=C2_1-1
Added Pin To Net: NetName=GND Pin=C2_2-1
Added Pin To Net: NetName=GND Pin=C3_1-1
Added Pin To Net: NetName=GND Pin=C3_2-1
Add Pin To Net: Unknown Pin: Pin D1-1
Added Pin To Net: NetName=GND Pin=D2-1
Added Pin To Net: NetName=GND Pin=D3-2
Added Pin To Net: NetName=GND Pin=D4-2
Added Pin To Net: NetName=GND Pin=DNP1-2
Added Pin To Net: NetName=GND Pin=DNP2-2
Added Pin To Net: NetName=GND Pin=DNP3-2
Added Pin To Net: NetName=GND Pin=DNP4-2
Added Pin To Net: NetName=GND Pin=DNP5_1-1
Added Pin To Net: NetName=GND Pin=DNP5_2-1
Added Pin To Net: NetName=GND Pin=DNP6_1-1
Added Pin To Net: NetName=GND Pin=DNP6_2-1
Added Pin To Net: NetName=GND Pin=GND1-1
Added Pin To Net: NetName=GND Pin=GND2-1
Added Pin To Net: NetName=GND Pin=GND3-1
Added Pin To Net: NetName=GND Pin=GND?-1
Added Pin To Net: NetName=GND Pin=J1-2
Added Pin To Net: NetName=GND Pin=J1-4
Added Pin To Net: NetName=GND Pin=J2-3
Added Pin To Net: NetName=GND Pin=J4-2
Added Pin To Net: NetName=GND Pin=J5-3
Added Pin To Net: NetName=GND Pin=R3_1-1
Added Pin To Net: NetName=GND Pin=R3_2-1
Added Pin To Net: NetName=GND Pin=U1_1-7
Add Pin To Net: Unknown Pin: Pin U1_1-9
Added Pin To Net: NetName=GND Pin=U1_2-7
Add Pin To Net: Unknown Pin: Pin U1_2-9
Added Pin To Net: NetName=+3V3 Pin=+3V3_1-1
Added Pin To Net: NetName=+3V3 Pin=+3V3_2-1
Added Pin To Net: NetName=+3V3 Pin=C3_1-2
Added Pin To Net: NetName=+3V3 Pin=C3_2-2
Added Pin To Net: NetName=+3V3 Pin=J1-1
Added Pin To Net: NetName=+3V3 Pin=J1-3
Added Pin To Net: NetName=+3V3 Pin=R2-2
Added Pin To Net: NetName=+3V3 Pin=U1_1-4
Added Pin To Net: NetName=+3V3 Pin=U1_2-4
Added Net: Name=+3V3
Added Pin To Net: NetName=+11V Pin=+11V1-1
Added Pin To Net: NetName=+11V Pin=+11V2-1
Added Pin To Net: NetName=+11V Pin=C1_1-1
Added Pin To Net: NetName=+11V Pin=C1_2-1
Added Pin To Net: NetName=+11V Pin=C2_1-2
Added Pin To Net: NetName=+11V Pin=C2_2-2
Added Pin To Net: NetName=+11V Pin=D2-2
Added Pin To Net: NetName=+11V Pin=DNP6_1-2
Added Pin To Net: NetName=+11V Pin=DNP6_2-2
Added Pin To Net: NetName=+11V Pin=J4-1
Added Pin To Net: NetName=+11V Pin=R1-2
Added Pin To Net: NetName=+11V Pin=U1_1-5
Added Pin To Net: NetName=+11V Pin=U1_2-5
Added Net: Name=+11V
Added Pin To Net: NetName=MOTOR_1_CURRENT_SENSE_1 Pin=DNP5_2-2
Added Pin To Net: NetName=MOTOR_1_CURRENT_SENSE_1 Pin=J2-4
Added Pin To Net: NetName=MOTOR_1_CURRENT_SENSE_1 Pin=MIS_2-1
Added Pin To Net: NetName=MOTOR_1_CURRENT_SENSE_1 Pin=R3_2-2
Added Pin To Net: NetName=MOTOR_1_CURRENT_SENSE_1 Pin=U1_2-1
Added Net: Name=MOTOR_1_CURRENT_SENSE_1
Added Pin To Net: NetName=MOTOR_1_OUT_1_1 Pin=J3-1
Added Pin To Net: NetName=MOTOR_1_OUT_1_1 Pin=MO1_2-1
Added Pin To Net: NetName=MOTOR_1_OUT_1_1 Pin=U1_2-6
Added Net: Name=MOTOR_1_OUT_1_1
Added Pin To Net: NetName=MOTOR_1_OUT_2_1 Pin=J3-2
Added Pin To Net: NetName=MOTOR_1_OUT_2_1 Pin=MO2_2-1
Added Pin To Net: NetName=MOTOR_1_OUT_2_1 Pin=U1_2-8
Added Net: Name=MOTOR_1_OUT_2_1
Added Pin To Net: NetName=MOTOR_1_PWM_IN_1_1 Pin=J2-1
Added Pin To Net: NetName=MOTOR_1_PWM_IN_1_1 Pin=MI1_2-1
Added Pin To Net: NetName=MOTOR_1_PWM_IN_1_1 Pin=U1_2-3
Added Net: Name=MOTOR_1_PWM_IN_1_1
Added Pin To Net: NetName=MOTOR_1_PWM_IN_2_1 Pin=J2-2
Added Pin To Net: NetName=MOTOR_1_PWM_IN_2_1 Pin=MI2_2-1
Added Pin To Net: NetName=MOTOR_1_PWM_IN_2_1 Pin=U1_2-2
Added Net: Name=MOTOR_1_PWM_IN_2_1
Added Pin To Net: NetName=MOTOR_2_CURRENT_SENSE_1 Pin=DNP5_1-2
Added Pin To Net: NetName=MOTOR_2_CURRENT_SENSE_1 Pin=J5-4
Added Pin To Net: NetName=MOTOR_2_CURRENT_SENSE_1 Pin=MIS_1-1
Added Pin To Net: NetName=MOTOR_2_CURRENT_SENSE_1 Pin=R3_1-2
Added Pin To Net: NetName=MOTOR_2_CURRENT_SENSE_1 Pin=U1_1-1
Added Net: Name=MOTOR_2_CURRENT_SENSE_1
Added Pin To Net: NetName=MOTOR_2_OUT_1_1 Pin=J6-1
Added Pin To Net: NetName=MOTOR_2_OUT_1_1 Pin=MO1_1-1
Added Pin To Net: NetName=MOTOR_2_OUT_1_1 Pin=U1_1-6
Added Net: Name=MOTOR_2_OUT_1_1
Added Pin To Net: NetName=MOTOR_2_OUT_2_1 Pin=J6-2
Added Pin To Net: NetName=MOTOR_2_OUT_2_1 Pin=MO2_1-1
Added Pin To Net: NetName=MOTOR_2_OUT_2_1 Pin=U1_1-8
Added Net: Name=MOTOR_2_OUT_2_1
Added Pin To Net: NetName=MOTOR_2_PWM_IN_1_1 Pin=J5-1
Added Pin To Net: NetName=MOTOR_2_PWM_IN_1_1 Pin=MI1_1-1
Added Pin To Net: NetName=MOTOR_2_PWM_IN_1_1 Pin=U1_1-3
Added Net: Name=MOTOR_2_PWM_IN_1_1
Added Pin To Net: NetName=MOTOR_2_PWM_IN_2_1 Pin=J5-2
Added Pin To Net: NetName=MOTOR_2_PWM_IN_2_1 Pin=MI2_1-1
Added Pin To Net: NetName=MOTOR_2_PWM_IN_2_1 Pin=U1_1-2
Added Net: Name=MOTOR_2_PWM_IN_2_1
Added Pin To Net: NetName=NetD3_1 Pin=D3-1
Added Pin To Net: NetName=NetD3_1 Pin=R1-1
Added Net: Name=NetD3_1
Added Pin To Net: NetName=NetD4_1 Pin=D4-1
Added Pin To Net: NetName=NetD4_1 Pin=R2-1
Added Net: Name=NetD4_1
Added Pin To Net: NetName=NetDNP1_1 Pin=DNP1-1
Added Pin To Net: NetName=NetDNP1_1 Pin=TH1-1
Added Net: Name=NetDNP1_1
Added Pin To Net: NetName=NetDNP2_1 Pin=DNP2-1
Added Pin To Net: NetName=NetDNP2_1 Pin=TH2-1
Added Net: Name=NetDNP2_1
Added Pin To Net: NetName=NetDNP3_1 Pin=DNP3-1
Added Pin To Net: NetName=NetDNP3_1 Pin=TH3-1
Added Net: Name=NetDNP3_1
Added Pin To Net: NetName=NetDNP4_1 Pin=DNP4-1
Added Pin To Net: NetName=NetDNP4_1 Pin=TH4-1
Added Net: Name=NetDNP4_1
Added Member To Class: ClassName=top_level Member=Component +3V3_1 TP - 5008 (Compact)
Added Member To Class: ClassName=top_level Member=Component +3V3_2 TP - 5008 (Compact)
Added Member To Class: ClassName=top_level Member=Component +11V1 TP - 5008 (Compact)
Added Member To Class: ClassName=top_level Member=Component +11V2 TP - 5008 (Compact)
Added Member To Class: ClassName=U_motor_driver1 Member=Component C1_1 (C1) 860020574012
Added Member To Class: ClassName=U_motor_driver2 Member=Component C1_2 (C1) 860020574012
Added Member To Class: ClassName=U_motor_driver1 Member=Component C2_1 (C2) C - CAP CER 100nF 100V 10% 0603
Added Member To Class: ClassName=U_motor_driver2 Member=Component C2_2 (C2) C - CAP CER 100nF 100V 10% 0603
Added Member To Class: ClassName=U_motor_driver1 Member=Component C3_1 (C3) C - CAP CER 100nF 100V 10% 0603
Added Member To Class: ClassName=U_motor_driver2 Member=Component C3_2 (C3) C - CAP CER 100nF 100V 10% 0603
Add Class Member: Failed to add class member : Component D1 D - DF2B5M4CT,L3F
Added Member To Class: ClassName=top_level Member=Component D2 D - SMAJ15CA
Added Member To Class: ClassName=top_level Member=Component D3 D - LTST-C193KRKT-5A
Added Member To Class: ClassName=top_level Member=Component D4 D - LTST-C193KRKT-5A
Added Member To Class: ClassName=top_level Member=Component DNP1 DNP - DNP PAD 0603
Added Member To Class: ClassName=top_level Member=Component DNP2 DNP - DNP PAD 0603
Added Member To Class: ClassName=top_level Member=Component DNP3 DNP - DNP PAD 0603
Added Member To Class: ClassName=top_level Member=Component DNP4 DNP - DNP PAD 0603
Added Member To Class: ClassName=U_motor_driver1 Member=Component DNP5_1 (DNP5) DNP - DNP PAD 0603
Added Member To Class: ClassName=U_motor_driver2 Member=Component DNP5_2 (DNP5) DNP - DNP PAD 0603
Added Member To Class: ClassName=U_motor_driver1 Member=Component DNP6_1 (DNP6) DNP - DNP PAD 0603
Added Member To Class: ClassName=U_motor_driver2 Member=Component DNP6_2 (DNP6) DNP - DNP PAD 0603
Added Member To Class: ClassName=top_level Member=Component GND1 TP - 5008 (Compact)
Added Member To Class: ClassName=top_level Member=Component GND2 TP - 5008 (Compact)
Added Member To Class: ClassName=top_level Member=Component GND3 TP - 5008 (Compact)
Added Member To Class: ClassName=top_level Member=Component GND? TP - 5008 (Compact)
Added Member To Class: ClassName=top_level Member=Component J1 Copy of SMTC-TSW-106-07-X-D_1
Added Member To Class: ClassName=top_level Member=Component J2 Copy of SMTC-TSW-106-07-X-D_1
Added Member To Class: ClassName=top_level Member=Component J3 J - 1990009
Added Member To Class: ClassName=top_level Member=Component J4 J - 1990009
Added Member To Class: ClassName=top_level Member=Component J5 Copy of SMTC-TSW-106-07-X-D_1
Added Member To Class: ClassName=top_level Member=Component J6 J - 1990009
Added Member To Class: ClassName=U_motor_driver1 Member=Component MI1_1 (MI1) SMD Pad Testpoint Rectangular (Signal)
Added Member To Class: ClassName=U_motor_driver2 Member=Component MI1_2 (MI1) SMD Pad Testpoint Rectangular (Signal)
Added Member To Class: ClassName=U_motor_driver1 Member=Component MI2_1 (MI2) SMD Pad Testpoint Rectangular (Signal)
Added Member To Class: ClassName=U_motor_driver2 Member=Component MI2_2 (MI2) SMD Pad Testpoint Rectangular (Signal)
Added Member To Class: ClassName=U_motor_driver1 Member=Component MIS_1 (MIS) SMD Pad Testpoint Rectangular (Signal)
Added Member To Class: ClassName=U_motor_driver2 Member=Component MIS_2 (MIS) SMD Pad Testpoint Rectangular (Signal)
Added Member To Class: ClassName=U_motor_driver1 Member=Component MO1_1 (MO1) TP - SMD Pad Test Point Circular
Added Member To Class: ClassName=U_motor_driver2 Member=Component MO1_2 (MO1) TP - SMD Pad Test Point Circular
Added Member To Class: ClassName=U_motor_driver1 Member=Component MO2_1 (MO2) TP - SMD Pad Test Point Circular
Added Member To Class: ClassName=U_motor_driver2 Member=Component MO2_2 (MO2) TP - SMD Pad Test Point Circular
Added Member To Class: ClassName=top_level Member=Component R1 ERJ-PB3B1001V
Added Member To Class: ClassName=top_level Member=Component R2 R - RES 220R 0.33W 1% 0603
Added Member To Class: ClassName=U_motor_driver1 Member=Component R3_1 (R3) R - RES 620R 0.33W 1% 0603
Added Member To Class: ClassName=U_motor_driver2 Member=Component R3_2 (R3) R - RES 620R 0.33W 1% 0603
Added Member To Class: ClassName=top_level Member=Component TH1 TH - M3 Mounting Hole
Added Member To Class: ClassName=top_level Member=Component TH2 TH - M3 Mounting Hole
Added Member To Class: ClassName=top_level Member=Component TH3 TH - M3 Mounting Hole
Added Member To Class: ClassName=top_level Member=Component TH4 TH - M3 Mounting Hole
Added Member To Class: ClassName=U_motor_driver1 Member=Component U1_1 (U1) DRV8251ADDAR
Added Member To Class: ClassName=U_motor_driver2 Member=Component U1_2 (U1) DRV8251ADDAR
Added Rule: Name=Schematic Supply Nets_1
Added Rule: Name=Schematic Supply Nets_2
