Removed Pin From Net: NetName=+3V3 Pin=+3V3_2-1
Removed Member From Class: ClassName=top_level Member=+3V3_2
Removed Member From Class: ClassName=U_motor_driver2 Member=C1_1
Removed Member From Class: ClassName=U_motor_driver1 Member=C2_2
Removed Member From Class: ClassName=U_motor_driver2 Member=C3_1
Removed Member From Class: ClassName=U_motor_driver2 Member=DNP7_1
Removed Member From Class: ClassName=U_motor_driver1 Member=DNP8_2
Removed Member From Class: ClassName=U_motor_driver2 Member=DNP9_1
Removed Member From Class: ClassName=U_motor_driver2 Member=DNP10_1
Removed Member From Class: ClassName=U_motor_driver2 Member=J5_1
Removed Member From Class: ClassName=U_motor_driver1 Member=MI1_2
Removed Member From Class: ClassName=U_motor_driver2 Member=MI2_1
Removed Member From Class: ClassName=U_motor_driver1 Member=MIS_2
Removed Member From Class: ClassName=U_motor_driver1 Member=MO1_2
Removed Member From Class: ClassName=U_motor_driver1 Member=MO2_2
Removed Member From Class: ClassName=U_motor_driver1 Member=R3_2
Removed Member From Class: ClassName=U_motor_driver2 Member=R4_1
Removed Member From Class: ClassName=U_motor_driver2 Member=U1_1
Add component: Footprint Not Found D - DF2B5M4CT,L3F
Add Pin To Net: Unknown Pin: Pin D1-1
Add Pin To Net: Unknown Pin: Pin D1-2
Add Pin To Net: Unknown Pin: Pin U1_1-9
Add Pin To Net: Unknown Pin: Pin U1_2-9
Added Member To Class: ClassName=U_motor_driver2 Member=Component C1_2 (C1) 860020574012
Added Member To Class: ClassName=U_motor_driver1 Member=Component C2_1 (C2) C - CAP CER 100nF 100V 10% 0603
Added Member To Class: ClassName=U_motor_driver2 Member=Component C3_2 (C3) C - CAP CER 100nF 100V 10% 0603
Add Class Member: Failed to add class member : Component D1 D - DF2B5M4CT,L3F
Added Member To Class: ClassName=U_motor_driver2 Member=Component DNP7_2 (DNP7) DNP - DNP PAD 0603
Added Member To Class: ClassName=U_motor_driver1 Member=Component DNP8_1 (DNP8) DNP - DNP PAD 0603
Added Member To Class: ClassName=U_motor_driver2 Member=Component DNP9_2 (DNP9) DNP - DNP PAD 0603
Added Member To Class: ClassName=U_motor_driver2 Member=Component DNP10_2 (DNP10) DNP - DNP PAD 0603
Added Member To Class: ClassName=U_motor_driver2 Member=Component J5_2 (J5) J - 691137710002
Added Member To Class: ClassName=U_motor_driver1 Member=Component MI1_1 (MI1) SMD Pad Testpoint Rectangular (Signal)
Added Member To Class: ClassName=U_motor_driver2 Member=Component MI2_2 (MI2) SMD Pad Testpoint Rectangular (Signal)
Added Member To Class: ClassName=U_motor_driver1 Member=Component MIS_1 (MIS) SMD Pad Testpoint Rectangular (Signal)
Added Member To Class: ClassName=U_motor_driver1 Member=Component MO1_1 (MO1) TP - SMD Pad Test Point Circular
Added Member To Class: ClassName=U_motor_driver1 Member=Component MO2_1 (MO2) TP - SMD Pad Test Point Circular
Added Member To Class: ClassName=U_motor_driver1 Member=Component R3_1 (R3) R - RES 0R 0.1W N/A% 0603
Added Member To Class: ClassName=U_motor_driver2 Member=Component R4_2 (R4) R - RES 620R 0.33W 1% 0603
Added Member To Class: ClassName=U_motor_driver2 Member=Component U1_2 (U1) DRV8251ADDAR
