Removed Pin From Net: NetName=MOTOR_1_CURRENT_SENSE_1 Pin=J2-4
Removed Pin From Net: NetName=MOTOR_2_CURRENT_SENSE_1 Pin=J5-4
Add component: Footprint Not Found D - DF2B5M4CT,L3F
Added Component: Designator=R4_1(RES 0603)
Add component (AddParameter): Name = "Value"; Value = "0"; VariantName = "[No Variations]"
Added Component: Designator=R4_2(RES 0603)
Add component (AddParameter): Name = "Value"; Value = "0"; VariantName = "[No Variations]"
Add Pin To Net: Unknown Pin: Pin D1-1
Add Pin To Net: Unknown Pin: Pin D1-2
Added Pin To Net: NetName=MOTOR_2_CURRENT_SENSE_1 Pin=R4_1-2
Added Pin To Net: NetName=MOTOR_1_CURRENT_SENSE_1 Pin=R4_2-2
Add Pin To Net: Unknown Pin: Pin U1_1-9
Add Pin To Net: Unknown Pin: Pin U1_2-9
Change Net Name : Old Net Name=MOTOR_1_CURRENT_SENSE_1 New Net Name=NetDNP5_2_2
Change Net Name : Old Net Name=MOTOR_2_CURRENT_SENSE_1 New Net Name=NetDNP5_1_2
Added Pin To Net: NetName=MOTOR_1_CURRENT_SENSE_1 Pin=J2-4
Added Pin To Net: NetName=MOTOR_1_CURRENT_SENSE_1 Pin=R4_2-1
Added Net: Name=MOTOR_1_CURRENT_SENSE_1
Added Pin To Net: NetName=MOTOR_2_CURRENT_SENSE_1 Pin=J5-4
Added Pin To Net: NetName=MOTOR_2_CURRENT_SENSE_1 Pin=R4_1-1
Added Net: Name=MOTOR_2_CURRENT_SENSE_1
Add Class Member: Failed to add class member : Component D1 D - DF2B5M4CT,L3F
Added Member To Class: ClassName=U_motor_driver1 Member=Component R4_1 (R4) R - RES 0R 0.1W N/A% 0603
Added Member To Class: ClassName=U_motor_driver2 Member=Component R4_2 (R4) R - RES 0R 0.1W N/A% 0603
Added Rule: Name=Schematic Supply Nets_2
Added Rule: Name=Schematic Supply Nets_3
