Change Component Designator: Old Designator=D1 New Designator=D?
Change Component Designator: Old Designator=D2 New Designator=D?
Change Component Designator: Old Designator=D3 New Designator=D?
Change Component Designator: Old Designator=D4 New Designator=D?
Change Component Designator: Old Designator=DNP1 New Designator=DNP?
Change Component Designator: Old Designator=DNP2 New Designator=DNP?
Change Component Designator: Old Designator=DNP3 New Designator=DNP?
Change Component Designator: Old Designator=DNP4 New Designator=DNP?
Change Component Designator: Old Designator=GND1 New Designator=GND?
Change Component Designator: Old Designator=GND2 New Designator=GND?
Change Component Designator: Old Designator=GND3 New Designator=GND?
Change Component Designator: Old Designator=J1 New Designator=J?
Change Component Designator: Old Designator=J2 New Designator=J?
Change Component Designator: Old Designator=J3 New Designator=J?
Change Component Designator: Old Designator=J4 New Designator=J?
Change Component Designator: Old Designator=J5 New Designator=J?
Change Component Designator: Old Designator=J6 New Designator=J?
Change Component Designator: Old Designator=R1 New Designator=R?
Change Component Designator: Old Designator=R2 New Designator=R?
Change Component Designator: Old Designator=TH1 New Designator=TH?
Change Component Designator: Old Designator=TH2 New Designator=TH?
Change Component Designator: Old Designator=TH3 New Designator=TH?
Change Component Designator: Old Designator=TH4 New Designator=TH?
