Remove Pin from Net: Failed to remove Pin
Remove Pin from Net: Failed to remove Pin
Remove Pin from Net: Failed to remove Pin
Remove Pin from Net: Failed to remove Pin
Remove Pin from Net: Failed to remove Pin
Removed Member From Class: ClassName=U_buck_converter Member=C?
Removed Member From Class: ClassName=U_ldo_3v3 Member=C?
Removed Member From Class: ClassName=top_level Member=DNP?
Removed Member From Class: ClassName=U_buck_converter Member=DNP?
Removed Member From Class: ClassName=top_level Member=R?
Removed Member From Class: ClassName=U_ldo_3v3 Member=R?
Removed Member From Class: ClassName=U_buck_converter Member=TP?
Removed Member From Class: ClassName=U_ldo_3v3 Member=TP?
Removed Member From Class: ClassName=U_reverse_polarity_protection Member=TP?
Removed Member From Class: ClassName=U_buck_converter Member=U?
Removed Member From Class: ClassName=U_ldo_3v3 Member=U?
Change Component Designator: OldDesignator=C? NewDesignator=C1
Change Component Designator: OldDesignator=C? NewDesignator=C2
Change Component Designator: OldDesignator=C? NewDesignator=C3
Change Component Designator: OldDesignator=C? NewDesignator=C4
Change Component Designator: OldDesignator=C? NewDesignator=C5
Change Component Designator: OldDesignator=C? NewDesignator=C6
Change Component Designator: OldDesignator=C? NewDesignator=C7
Change Component Designator: OldDesignator=C? NewDesignator=C8
Change Component Designator: OldDesignator=C? NewDesignator=C9
Change Component Designator: OldDesignator=C? NewDesignator=C10
Change Component Designator: OldDesignator=C? NewDesignator=C11
Change Component Designator: OldDesignator=C? NewDesignator=C12
Change Component Designator: OldDesignator=C? NewDesignator=C13
Change Component Designator: OldDesignator=C? NewDesignator=C14
Change Component Designator: OldDesignator=D? NewDesignator=D1
Change Component Designator: OldDesignator=D? NewDesignator=D2
Change Component Designator: OldDesignator=D? NewDesignator=D3
Change Component Designator: OldDesignator=D? NewDesignator=D4
Change Component Designator: OldDesignator=D? NewDesignator=D5
Change Component Designator: OldDesignator=D? NewDesignator=D6
Change Component Designator: OldDesignator=DNP? NewDesignator=DNP1
Change Component Designator: OldDesignator=DNP? NewDesignator=DNP2
Change Component Designator: OldDesignator=DNP? NewDesignator=DNP3
Change Component Designator: OldDesignator=DNP? NewDesignator=DNP4
Change Component Designator: OldDesignator=DNP? NewDesignator=DNP5
Change Component Designator: OldDesignator=DNP? NewDesignator=DNP6
Change Component Designator: OldDesignator=DNP? NewDesignator=DNP7
Change Component Designator: OldDesignator=DNP? NewDesignator=DNP8
Change Component Designator: OldDesignator=DNP? NewDesignator=DNP9
Change Component Designator: OldDesignator=DNP? NewDesignator=DNP10
Change Component Designator: OldDesignator=DNP? NewDesignator=DNP11
Change Component Designator: OldDesignator=F? NewDesignator=F1
Change Component Designator: OldDesignator=F? NewDesignator=F2
Change Component Designator: OldDesignator=F? NewDesignator=F3
Change Component Designator: OldDesignator=J? NewDesignator=J1
Change Component Designator: OldDesignator=J? NewDesignator=J2
Change Component Designator: OldDesignator=J? NewDesignator=J3
Change Component Designator: OldDesignator=J? NewDesignator=J4
Change Component Designator: OldDesignator=L? NewDesignator=L1
Change Component Designator: OldDesignator=M? NewDesignator=M1
Change Component Designator: OldDesignator=R? NewDesignator=R1
Change Component Designator: OldDesignator=R? NewDesignator=R2
Change Component Designator: OldDesignator=R? NewDesignator=R3
Change Component Designator: OldDesignator=R? NewDesignator=R4
Change Component Designator: OldDesignator=R? NewDesignator=R5
Change Component Designator: OldDesignator=R? NewDesignator=R6
Change Component Designator: OldDesignator=R? NewDesignator=R7
Change Component Designator: OldDesignator=R? NewDesignator=R8
Change Component Designator: OldDesignator=TH? NewDesignator=TH1
Change Component Designator: OldDesignator=TH? NewDesignator=TH2
Change Component Designator: OldDesignator=TH? NewDesignator=TH3
Change Component Designator: OldDesignator=TH? NewDesignator=TH4
Change Component Designator: OldDesignator=TP? NewDesignator=+3V3
Change Component Designator: OldDesignator=TP? NewDesignator=+3V3F
Change Component Designator: OldDesignator=TP? NewDesignator=+5V
Change Component Designator: OldDesignator=TP? NewDesignator=+5VF
Change Component Designator: OldDesignator=TP? NewDesignator=+VB
Change Component Designator: OldDesignator=TP? NewDesignator=+VBF
Change Component Designator: OldDesignator=TP? NewDesignator=+VIN1
Change Component Designator: OldDesignator=TP? NewDesignator=+VIN2
Change Component Designator: OldDesignator=TP? NewDesignator=BCEN
Change Component Designator: OldDesignator=TP? NewDesignator=GND1
Change Component Designator: OldDesignator=TP? NewDesignator=GND7
Change Component Designator: OldDesignator=TP? NewDesignator=GND8
Change Component Designator: OldDesignator=TP? NewDesignator=LDEN
Change Component Designator: OldDesignator=TP? NewDesignator=RPPG
Change Component Designator: OldDesignator=U? NewDesignator=U1
Change Component Designator: OldDesignator=U? NewDesignator=U2
Change Component Designator: OldDesignator=U? NewDesignator=U3
Added Component: Designator=GND2(5008 - Keystone Compact Footprint)
Added Component: Designator=GND3(5008 - Keystone Compact Footprint)
Added Component: Designator=GND4(5008 - Keystone Compact Footprint)
Added Component: Designator=GND5(5008 - Keystone Compact Footprint)
Added Component: Designator=GND6(5008 - Keystone Compact Footprint)
Added Component: Designator=RPEN?(5008 - Keystone Compact Footprint)
Added Pin To Net: NetName=GND Pin=GND2-1
Added Pin To Net: NetName=GND Pin=GND3-1
Added Pin To Net: NetName=GND Pin=GND4-1
Added Pin To Net: NetName=GND Pin=GND5-1
Added Pin To Net: NetName=GND Pin=GND6-1
Added Pin To Net: NetName=+VBATT_F Pin=RPEN?-1
Change Net Name : Old Net Name=NetC?_1 New Net Name=NetC1_1
Change Net Name : Old Net Name=NetC?_1 New Net Name=NetC14_1
Change Net Name : Old Net Name=NetC?_2 New Net Name=NetC1_2
Change Net Name : Old Net Name=NetC?_2 New Net Name=NetC7_2
Change Net Name : Old Net Name=NetC?_2 New Net Name=NetC8_2
Change Net Name : Old Net Name=NetD?_2 New Net Name=NetD4_2
Change Net Name : Old Net Name=NetDNP?_1 New Net Name=NetDNP3_1
Change Net Name : Old Net Name=NetDNP?_1 New Net Name=NetDNP4_1
Change Net Name : Old Net Name=NetDNP?_1 New Net Name=NetDNP5_1
Change Net Name : Old Net Name=NetDNP?_1 New Net Name=NetDNP6_1
Change Net Name : Old Net Name=NetDNP?_1 New Net Name=NetDNP7_1
Change Net Name : Old Net Name=NetDNP?_2 New Net Name=NetBCEN_1
Change Net Name : Old Net Name=NetDNP?_2 New Net Name=NetDNP11_2
Change Net Name : Old Net Name=NetM?_4 New Net Name=NetM1_4
Change Net Name : Old Net Name=NetR?_1 New Net Name=NetR1_2
Added Pin To Net: NetName=NetD5_2 Pin=D5-2
Added Pin To Net: NetName=NetD5_2 Pin=R1-1
Added Net: Name=NetD5_2
Added Pin To Net: NetName=NetD6_2 Pin=D6-2
Added Pin To Net: NetName=NetD6_2 Pin=R7-1
Added Net: Name=NetD6_2
Added Member To Class: ClassName=U_ldo_3v3 Member=Component +3V3 TP - 5008 (Compact)
Added Member To Class: ClassName=U_buck_converter Member=Component +5V TP - 5008 (Compact)
Added Member To Class: ClassName=top_level Member=Component +5VF TP - 5008 (Compact)
Added Member To Class: ClassName=top_level Member=Component +VB TP - 5008 (Compact)
Added Member To Class: ClassName=top_level Member=Component +VBF TP - 5008 (Compact)
Added Member To Class: ClassName=top_level Member=Component +VIN1 TP - 5008 (Compact)
Added Member To Class: ClassName=top_level Member=Component +VIN2 TP - 5008 (Compact)
Added Member To Class: ClassName=U_buck_converter Member=Component BCEN TP - 5008 (Compact)
Added Member To Class: ClassName=U_buck_converter Member=Component C1 C - CAP CER 100nF 100V 10% 0603
Added Member To Class: ClassName=U_buck_converter Member=Component C2 GRM21BR61E106KA73L
Added Member To Class: ClassName=U_buck_converter Member=Component C3 GRM21BR61E106KA73L
Added Member To Class: ClassName=U_buck_converter Member=Component C4 C - CAP CER 100nF 100V 10% 0603
Added Member To Class: ClassName=U_buck_converter Member=Component C5 GRM21BR61E226ME44L
Added Member To Class: ClassName=U_buck_converter Member=Component C6 GRM21BR61E226ME44L
Added Member To Class: ClassName=U_buck_converter Member=Component C7 CAP CER 220nF 50V 10% 0603
Added Member To Class: ClassName=U_buck_converter Member=Component C8 C - CAP CER 10nF 100V 10% 0603
Added Member To Class: ClassName=U_ldo_3v3 Member=Component C9 CAP CER 220nF 50V 10% 0603
Added Member To Class: ClassName=U_ldo_3v3 Member=Component C10 CAP CER 220nF 50V 10% 0603
Added Member To Class: ClassName=U_reverse_polarity_protection Member=Component C12 C - CAP CER 100nF 100V 10% 0603
Added Member To Class: ClassName=U_reverse_polarity_protection Member=Component C13 860020574012
Added Member To Class: ClassName=U_reverse_polarity_protection Member=Component C14 C - CAP CER 100nF 100V 10% 0603
Added Member To Class: ClassName=top_level Member=Component D2 D - CUHZ5V6,H3F
Added Member To Class: ClassName=top_level Member=Component D3 D - ESD321DYAR
Added Member To Class: ClassName=top_level Member=Component D4 D - LTST-C193KRKT-5A
Added Member To Class: ClassName=top_level Member=Component D5 D - LTST-C193KRKT-5A
Added Member To Class: ClassName=top_level Member=Component D6 D - LTST-C193KRKT-5A
Added Member To Class: ClassName=top_level Member=Component DNP1 DNP - DNP PAD 0603
Added Member To Class: ClassName=top_level Member=Component DNP2 DNP - DNP PAD 0603
Added Member To Class: ClassName=top_level Member=Component DNP3 DNP - DNP PAD 0603
Added Member To Class: ClassName=top_level Member=Component DNP4 DNP - DNP PAD 0603
Added Member To Class: ClassName=top_level Member=Component DNP5 DNP - DNP PAD 0603
Added Member To Class: ClassName=top_level Member=Component DNP6 DNP - DNP PAD 0603
Added Member To Class: ClassName=U_buck_converter Member=Component DNP7 DNP - DNP PAD 0603
Added Member To Class: ClassName=U_buck_converter Member=Component DNP8 DNP - DNP PAD 0603
Added Member To Class: ClassName=U_ldo_3v3 Member=Component DNP9 DNP - DNP PAD 0603
Added Member To Class: ClassName=U_ldo_3v3 Member=Component DNP10 DNP - DNP PAD 0603
Added Member To Class: ClassName=top_level Member=Component F1 F -3568
Added Member To Class: ClassName=top_level Member=Component F3 F -3568
Added Member To Class: ClassName=top_level Member=Component GND1 TP - 5008 (Compact)
Added Member To Class: ClassName=top_level Member=Component GND2 TP - 5008 (Compact)
Added Member To Class: ClassName=top_level Member=Component GND3 TP - 5008 (Compact)
Added Member To Class: ClassName=top_level Member=Component GND4 TP - 5008 (Compact)
Added Member To Class: ClassName=top_level Member=Component GND5 TP - 5008 (Compact)
Added Member To Class: ClassName=top_level Member=Component GND6 TP - 5008 (Compact)
Added Member To Class: ClassName=U_buck_converter Member=Component GND7 TP - 5008 (Compact)
Added Member To Class: ClassName=U_ldo_3v3 Member=Component GND8 TP - 5008 (Compact)
Added Member To Class: ClassName=top_level Member=Component J2 Copy of SMTC-TSW-106-07-X-D_1
Added Member To Class: ClassName=top_level Member=Component J3 Copy of SMTC-TSW-106-07-X-D_1
Added Member To Class: ClassName=top_level Member=Component J4 Copy of SMTC-TSW-106-07-X-D_1
Added Member To Class: ClassName=U_ldo_3v3 Member=Component LDEN TP - 5008 (Compact)
Added Member To Class: ClassName=top_level Member=Component R1 R - RES 100R 0.33W 5% 0603
Added Member To Class: ClassName=U_buck_converter Member=Component R2 R - RES 10kR 0.1W 1% 0603
Added Member To Class: ClassName=U_buck_converter Member=Component R4 ERJ-3EKF2212V
Added Member To Class: ClassName=U_ldo_3v3 Member=Component R5 R - RES 10kR 0.1W 1% 0603
Added Member To Class: ClassName=top_level Member=Component R6 ERJ-PB3B1001V
Added Member To Class: ClassName=top_level Member=Component R7 R - RES 100R 0.33W 5% 0603
Added Member To Class: ClassName=top_level Member=Component R8 R - RES 100R 0.33W 5% 0603
Added Member To Class: ClassName=U_reverse_polarity_protection Member=Component RPEN? TP - 5008 (Compact)
Added Member To Class: ClassName=U_reverse_polarity_protection Member=Component RPPG TP - 5008 (Compact)
Added Member To Class: ClassName=top_level Member=Component TH1 TH - M3 Mounting Hole
Added Member To Class: ClassName=top_level Member=Component TH2 TH - M3 Mounting Hole
Added Member To Class: ClassName=top_level Member=Component TH3 TH - M3 Mounting Hole
Added Member To Class: ClassName=U_buck_converter Member=Component U1 U - TPS54327DDAR
Added Member To Class: ClassName=U_ldo_3v3 Member=Component U2 TLV75733PDBVR
Added Room: Name=U_buck_converter
Added Room: Name=U_ldo_3v3
Added Room: Name=U_reverse_polarity_protection
Added Rule: Name=Schematic Supply Nets_2
Added Rule: Name=Schematic Supply Nets_3
Added Rule: Name=Schematic Supply Nets_7
Added Rule: Name=Schematic Supply Nets_15
Added Rule: Name=Schematic Supply Nets_16
Added Rule: Name=Schematic Supply Nets_17
Added Rule: Name=Schematic Supply Nets_18
