Change Component Designator: OldDesignator=C1 NewDesignator=C?
Change Component Designator: OldDesignator=C2 NewDesignator=C?
Change Component Designator: OldDesignator=C3 NewDesignator=C?
Change Component Designator: OldDesignator=C4 NewDesignator=C?
Change Component Designator: OldDesignator=C5 NewDesignator=C?
Change Component Designator: OldDesignator=C6 NewDesignator=C?
Change Component Designator: OldDesignator=C7 NewDesignator=C?
Change Component Designator: OldDesignator=C8 NewDesignator=C?
Change Component Designator: OldDesignator=C9 NewDesignator=C?
Change Component Designator: OldDesignator=C10 NewDesignator=C?
Change Component Designator: OldDesignator=DNP1 NewDesignator=DNP?
Change Component Designator: OldDesignator=DNP2 NewDesignator=DNP?
Change Component Designator: OldDesignator=DNP3 NewDesignator=DNP?
Change Component Designator: OldDesignator=DNP4 NewDesignator=DNP?
Change Component Designator: OldDesignator=DNP5 NewDesignator=DNP?
Change Component Designator: OldDesignator=DNP6 NewDesignator=DNP?
Change Component Designator: OldDesignator=DNP7 NewDesignator=DNP?
Change Component Designator: OldDesignator=DNP8 NewDesignator=DNP?
Change Component Designator: OldDesignator=DNP9 NewDesignator=DNP?
Change Component Designator: OldDesignator=L1 NewDesignator=L?
Change Component Designator: OldDesignator=R1 NewDesignator=R?
Change Component Designator: OldDesignator=R2 NewDesignator=R?
Change Component Designator: OldDesignator=R3 NewDesignator=R?
Change Component Designator: OldDesignator=R4 NewDesignator=R?
Change Component Designator: OldDesignator=TH1 NewDesignator=TH?
Change Component Designator: OldDesignator=TH2 NewDesignator=TH?
Change Component Designator: OldDesignator=TH3 NewDesignator=TH?
Change Component Designator: OldDesignator=TH4 NewDesignator=TH?
Change Component Designator: OldDesignator=TP1 NewDesignator=TP?
Change Component Designator: OldDesignator=TP2 NewDesignator=TP?
Change Component Designator: OldDesignator=TP3 NewDesignator=TP?
Change Component Designator: OldDesignator=TP4 NewDesignator=TP?
Change Component Designator: OldDesignator=TP5 NewDesignator=TP?
Change Component Designator: OldDesignator=TP6 NewDesignator=TP?
Change Component Designator: OldDesignator=TP7 NewDesignator=TP?
Change Component Designator: OldDesignator=TP8 NewDesignator=TP?
Change Component Designator: OldDesignator=TP9 NewDesignator=TP?
Change Component Designator: OldDesignator=TP10 NewDesignator=TP?
Change Component Designator: OldDesignator=TP11 NewDesignator=TP?
Change Component Designator: OldDesignator=TP12 NewDesignator=TP?
Change Component Designator: OldDesignator=TP13 NewDesignator=TP?
Change Component Designator: OldDesignator=U1 NewDesignator=U?
Change Component Designator: OldDesignator=U2 NewDesignator=U?
Change Net Name : Old Net Name=NetC1_1 New Net Name=NetC?_1
Change Net Name : Old Net Name=NetC1_2 New Net Name=NetC?_2
Change Net Name : Old Net Name=NetC7_2 New Net Name=NetC?_2
Change Net Name : Old Net Name=NetC8_2 New Net Name=NetC?_2
Change Net Name : Old Net Name=NetDNP1_1 New Net Name=NetDNP?_1
Change Net Name : Old Net Name=NetDNP2_1 New Net Name=NetDNP?_1
Change Net Name : Old Net Name=NetDNP3_1 New Net Name=NetDNP?_1
Change Net Name : Old Net Name=NetDNP4_1 New Net Name=NetDNP?_1
Change Net Name : Old Net Name=NetDNP5_1 New Net Name=NetDNP?_1
Change Net Name : Old Net Name=NetDNP6_2 New Net Name=NetDNP?_2
Change Net Name : Old Net Name=NetDNP9_2 New Net Name=NetDNP?_2
