Added Component: Designator=C?(CAP_0603)
Add component (AddParameter): Name = "Parameter 2"; Value = ""; VariantName = "[No Variations]"
Add component (AddParameter): Name = "Value"; Value = "100nF"; VariantName = "[No Variations]"
Added Component: Designator=C?(CAP_0603)
Add component (AddParameter): Name = "Parameter 2"; Value = ""; VariantName = "[No Variations]"
Add component (AddParameter): Name = "Value"; Value = "100nF"; VariantName = "[No Variations]"
Added Component: Designator=C?(CAP_0603)
Add component (AddParameter): Name = "Parameter 2"; Value = ""; VariantName = "[No Variations]"
Add component (AddParameter): Name = "Value"; Value = "10nF"; VariantName = "[No Variations]"
Added Component: Designator=C?(CAP_0603)
Add component (AddParameter): Name = "Parameter 2"; Value = ""; VariantName = "[No Variations]"
Add component (AddParameter): Name = "Value"; Value = "1uF"; VariantName = "[No Variations]"
Added Component: Designator=C?(CAP 0805)
Add component (AddParameter): Name = "Parameter 2"; Value = ""; VariantName = "[No Variations]"
Add component (AddParameter): Name = "Value"; Value = "10uF"; VariantName = "[No Variations]"
Added Component: Designator=C?(CAP 0805)
Add component (AddParameter): Name = "Parameter 2"; Value = ""; VariantName = "[No Variations]"
Add component (AddParameter): Name = "Value"; Value = "10uF"; VariantName = "[No Variations]"
Added Component: Designator=C?(CAP 0805)
Add component (AddParameter): Name = "Parameter 2"; Value = ""; VariantName = "[No Variations]"
Add component (AddParameter): Name = "Value"; Value = "22uF"; VariantName = "[No Variations]"
Added Component: Designator=C?(CAP 0805)
Add component (AddParameter): Name = "Parameter 2"; Value = ""; VariantName = "[No Variations]"
Add component (AddParameter): Name = "Value"; Value = "22uF"; VariantName = "[No Variations]"
Added Component: Designator=DNP?(DNP 0603)
Added Component: Designator=DNP?(DNP 0603)
Added Component: Designator=L?(L - SRN8040-3R3Y)
Add component (AddParameter): Name = "Value"; Value = "3.3uH"; VariantName = "[No Variations]"
Added Component: Designator=R?(RES 0603)
Add component (AddParameter): Name = "Value"; Value = "22.1k"; VariantName = "[No Variations]"
Added Component: Designator=R?(RES 0603)
Add component (AddParameter): Name = "Value"; Value = "10k"; VariantName = "[No Variations]"
Added Component: Designator=R?(RES 0603)
Add component (AddParameter): Name = "Value"; Value = "121k"; VariantName = "[No Variations]"
Added Component: Designator=TP?(5008 - Keystone Compact Footprint)
Added Component: Designator=TP?(5008 - Keystone Compact Footprint)
Added Component: Designator=TP?(TP - SMD Pad Testpoint)
Added Pin To Net: NetName=GND Pin=C?-1
Added Pin To Net: NetName=GND Pin=C?-1
Added Pin To Net: NetName=GND Pin=C?-1
Added Pin To Net: NetName=GND Pin=C?-1
Added Pin To Net: NetName=GND Pin=C?-1
Added Pin To Net: NetName=GND Pin=C?-1
Added Pin To Net: NetName=GND Pin=C?-1
Added Pin To Net: NetName=GND Pin=C?-2
Added Pin To Net: NetName=GND Pin=C?-2
Added Pin To Net: NetName=GND Pin=DNP?-1
Added Pin To Net: NetName=GND Pin=DNP?-2
Added Pin To Net: NetName=GND Pin=L?-1
Added Pin To Net: NetName=GND Pin=R?-1
Added Pin To Net: NetName=GND Pin=R?-2
Added Pin To Net: NetName=GND Pin=TP?-1
Change Net Name : Old Net Name=GND New Net Name=+5V
Added Pin To Net: NetName=+VBATT_PROT Pin=C?-2
Added Pin To Net: NetName=+VBATT_PROT Pin=C?-2
Added Pin To Net: NetName=+VBATT_PROT Pin=C?-2
Added Pin To Net: NetName=+VBATT_PROT Pin=R?-2
Added Pin To Net: NetName=+VBATT_PROT Pin=U?-8
Added Net: Name=+VBATT_PROT
Added Pin To Net: NetName=NetC?_1 Pin=C?-1
Added Pin To Net: NetName=NetC?_1 Pin=U?-7
Added Net: Name=NetC?_1
Added Pin To Net: NetName=NetC?_2 Pin=C?-2
Added Pin To Net: NetName=NetC?_2 Pin=U?-3
Added Net: Name=NetC?_2
Add Net: Net with name "NetC?_2" already exists
Add Net: Net with name "NetC?_2" already exists
Add Net: Net with name "NetDNP?_1" already exists
Add Net: Net with name "NetDNP?_1" already exists
Add Net: Net with name "NetDNP?_1" already exists
Add Net: Net with name "NetDNP?_1" already exists
Added Pin To Net: NetName=NetDNP?_2 Pin=DNP?-2
Added Pin To Net: NetName=NetDNP?_2 Pin=R?-1
Added Pin To Net: NetName=NetDNP?_2 Pin=TP?-1
Added Pin To Net: NetName=NetDNP?_2 Pin=U?-1
Added Net: Name=NetDNP?_2
Added Member To Class: ClassName=buck_converter Member=Component C? C - CAP CER 100nF 100V 10% 0603
Added Member To Class: ClassName=buck_converter Member=Component C? C - CAP CER 100nF 100V 10% 0603
Added Member To Class: ClassName=buck_converter Member=Component C? C - CAP CER 10nF 100V 10% 0603
Added Member To Class: ClassName=buck_converter Member=Component C? CAP CER 220nF 50V 10% 0603
Added Member To Class: ClassName=buck_converter Member=Component C? GRM21BR61E106KA73L
Added Member To Class: ClassName=buck_converter Member=Component C? GRM21BR61E106KA73L
Added Member To Class: ClassName=buck_converter Member=Component C? GRM21BR61E226ME44L
Added Member To Class: ClassName=buck_converter Member=Component C? GRM21BR61E226ME44L
Added Member To Class: ClassName=buck_converter Member=Component DNP? DNP - DNP PAD 0603
Added Member To Class: ClassName=buck_converter Member=Component DNP? DNP - DNP PAD 0603
Added Member To Class: ClassName=top_level Member=Component DNP? DNP - DNP PAD 0603
Added Member To Class: ClassName=top_level Member=Component DNP? DNP - DNP PAD 0603
Added Member To Class: ClassName=top_level Member=Component DNP? DNP - DNP PAD 0603
Added Member To Class: ClassName=buck_converter Member=Component L? SRN8040-3R3Y
Added Member To Class: ClassName=buck_converter Member=Component R? ERJ-3EKF2212V
Added Member To Class: ClassName=buck_converter Member=Component R? R - RES 10kR 0.1W 1% 0603
Added Member To Class: ClassName=buck_converter Member=Component R? RC0603FR-07121KL
Added Member To Class: ClassName=top_level Member=Component TH? TH - M3 Mounting Hole
Added Member To Class: ClassName=top_level Member=Component TH? TH - M3 Mounting Hole
Added Member To Class: ClassName=top_level Member=Component TH? TH - M3 Mounting Hole
Added Member To Class: ClassName=buck_converter Member=Component TP? TP - 5008 (Compact)
Added Member To Class: ClassName=buck_converter Member=Component TP? TP - 5008 (Compact)
Added Member To Class: ClassName=buck_converter Member=Component TP? TP - SMD Pad Testpoint-Symbol-1
Added Rule: Name=Schematic Supply Nets_3
