Removed Pin From Net: NetName=+5V_F Pin=D2-1
Removed Pin From Net: NetName=+3V3_F Pin=D3-2
Removed Pin From Net: NetName=+5V_F Pin=DNP1-1
Removed Pin From Net: NetName=+5V Pin=DNP1-2
Removed Pin From Net: NetName=+3V3_F Pin=DNP2-1
Removed Pin From Net: NetName=+3V3 Pin=DNP2-2
Removed Pin From Net: NetName=+5V Pin=F2-1
Removed Pin From Net: NetName=+5V_F Pin=F2-2
Removed Pin From Net: NetName=+5V Pin=F2-3
Removed Pin From Net: NetName=+5V_F Pin=F2-4
Removed Pin From Net: NetName=+3V3 Pin=F3-1
Removed Pin From Net: NetName=+3V3_F Pin=F3-2
Removed Pin From Net: NetName=+3V3 Pin=F3-3
Removed Pin From Net: NetName=+3V3_F Pin=F3-4
Removed Pin From Net: NetName=+5V_F Pin=J2-1
Removed Pin From Net: NetName=+3V3_F Pin=J2-3
Removed Member From Class: ClassName=top_level Member=DNP1
Removed Member From Class: ClassName=top_level Member=DNP2
Removed Member From Class: ClassName=top_level Member=F2
Removed Member From Class: ClassName=top_level Member=F3
Added Pin To Net: NetName=+5V Pin=D2-1
Added Pin To Net: NetName=+3V3 Pin=D3-2
Added Pin To Net: NetName=+5V Pin=J2-1
Added Pin To Net: NetName=+3V3 Pin=J2-3
