Removed Pin From Net: NetName=+5V Pin=D?-1
Removed Pin From Net: NetName=+VBATT Pin=D?-1
Removed Pin From Net: NetName=+3V3 Pin=D?-2
Removed Pin From Net: NetName=+VBATT Pin=D?-2
Removed Pin From Net: NetName=+5V Pin=J?-1
Removed Pin From Net: NetName=+VBATT_PROT Pin=J?-1
Removed Pin From Net: NetName=+VBATT_PROT Pin=J?-2
Removed Pin From Net: NetName=+3V3 Pin=J?-3
Removed Pin From Net: NetName=GND Pin=J?-3
Removed Pin From Net: NetName=GND Pin=J?-4
Removed Pin From Net: NetName=+3V3 Pin=TP?-1
Removed Pin From Net: NetName=+5V Pin=TP?-1
Removed Pin From Net: NetName=+VBATT_PROT Pin=TP?-1
Removed Pin From Net: NetName=NetM?_4 Pin=TP?-1
Change Component Footprint: Designator=D? Old Footprint=D - ESD321DYAR New Footprint=D - SMAJ15CA
Change Component Footprint: Designator=D? Old Footprint=D - SMAJ15CA New Footprint=D - ESD321DYAR
Change Component Footprint: Designator=TP? Old Footprint=TP - SMD Pad Testpoint New Footprint=5008 - Keystone Compact Footprint
Change Component Comment : Designator=D? Old Comment=D - ESD321DYAR New Comment=D - SMAJ15CA
Change Component Comment : Designator=D? Old Comment=D - SMAJ15CA New Comment=D - ESD321DYAR
Change Component Comment : Designator=TP? Old Comment=TP - SMD Pad Testpoint-Symbol-1 New Comment=TP - 5008 (Compact)
Added Component: Designator=DNP?(DNP 0603)
Added Component: Designator=DNP?(DNP 0603)
Added Component: Designator=J?(J - 61300411121)
Added Component: Designator=TP?(5008 - Keystone Compact Footprint)
Added Component: Designator=TP?(5008 - Keystone Compact Footprint)
Added Component: Designator=TP?(5008 - Keystone Compact Footprint)
Added Component: Designator=TP?(5008 - Keystone Compact Footprint)
Added Pin To Net: NetName=+VIN Pin=D?-1
Added Pin To Net: NetName=+VBATT Pin=D?-2
Added Pin To Net: NetName=+3V3 Pin=DNP?-2
Added Pin To Net: NetName=+5V Pin=DNP?-2
Added Pin To Net: NetName=+3V3 Pin=F?-1
Added Pin To Net: NetName=+5V Pin=F?-1
Added Pin To Net: NetName=+3V3 Pin=F?-3
Added Pin To Net: NetName=+5V Pin=F?-3
Added Pin To Net: NetName=+VBATT_PROT Pin=TP?-1
Added Pin To Net: NetName=+VIN Pin=TP?-1
Added Pin To Net: NetName=+VIN Pin=TP?-1
Added Pin To Net: NetName=GND Pin=TP?-1
Added Pin To Net: NetName=GND Pin=TP?-1
Added Pin To Net: NetName=NetM?_4 Pin=TP?-1
Change Net Name : Old Net Name=+VBATT_PROT New Net Name=+VBATT_F
Added Pin To Net: NetName=+3V3_F Pin=D?-2
Added Pin To Net: NetName=+3V3_F Pin=DNP?-1
Added Pin To Net: NetName=+3V3_F Pin=F?-2
Added Pin To Net: NetName=+3V3_F Pin=F?-4
Added Pin To Net: NetName=+3V3_F Pin=J?-3
Added Pin To Net: NetName=+3V3_F Pin=TP?-1
Added Net: Name=+3V3_F
Added Pin To Net: NetName=+5V_F Pin=D?-1
Added Pin To Net: NetName=+5V_F Pin=DNP?-1
Added Pin To Net: NetName=+5V_F Pin=F?-2
Added Pin To Net: NetName=+5V_F Pin=F?-4
Added Pin To Net: NetName=+5V_F Pin=J?-1
Added Pin To Net: NetName=+5V_F Pin=TP?-1
Added Net: Name=+5V_F
Add Net: Net with name "NetD?_2" already exists
Add Net: Net with name "NetD?_2" already exists
Change Class Name : Old Net Name=U_ldo_3v3 New Net Name=U_buck_converter
Added Class: Name=U_ldo_3v3
Added Member To Class: ClassName=U_buck_converter Member=Component C? C - CAP CER 100nF 100V 10% 0603
Added Member To Class: ClassName=U_buck_converter Member=Component C? C - CAP CER 100nF 100V 10% 0603
Added Member To Class: ClassName=U_buck_converter Member=Component C? C - CAP CER 10nF 100V 10% 0603
Added Member To Class: ClassName=U_buck_converter Member=Component C? CAP CER 220nF 50V 10% 0603
Added Member To Class: ClassName=U_buck_converter Member=Component C? GRM21BR61E106KA73L
Added Member To Class: ClassName=U_buck_converter Member=Component C? GRM21BR61E226ME44L
Added Member To Class: ClassName=U_buck_converter Member=Component C? GRM21BR61E226ME44L
Added Member To Class: ClassName=U_reverse_polarity_protection Member=Component C? C - CAP CER 100nF 100V 10% 0603
Added Member To Class: ClassName=U_reverse_polarity_protection Member=Component C? C - CAP CER 100nF 100V 10% 0603
Added Member To Class: ClassName=U_reverse_polarity_protection Member=Component C? C - CAP CER 100nF 100V 10% 0603
Added Member To Class: ClassName=top_level Member=Component D? D - SMAJ15CA
Added Member To Class: ClassName=top_level Member=Component D? D - LTST-C193KRKT-5A
Added Member To Class: ClassName=top_level Member=Component D? D - LTST-C193KRKT-5A
Added Member To Class: ClassName=top_level Member=Component D? D - LTST-C193KRKT-5A
Added Member To Class: ClassName=top_level Member=Component D? D - ESD321DYAR
Added Member To Class: ClassName=top_level Member=Component D? D - CUHZ5V6,H3F
Added Member To Class: ClassName=top_level Member=Component DNP? DNP - DNP PAD 0603
Added Member To Class: ClassName=top_level Member=Component DNP? DNP - DNP PAD 0603
Added Member To Class: ClassName=top_level Member=Component DNP? DNP - DNP PAD 0603
Added Member To Class: ClassName=top_level Member=Component DNP? DNP - DNP PAD 0603
Added Member To Class: ClassName=top_level Member=Component DNP? DNP - DNP PAD 0603
Added Member To Class: ClassName=U_buck_converter Member=Component DNP? DNP - DNP PAD 0603
Added Member To Class: ClassName=top_level Member=Component F? F -3568
Added Member To Class: ClassName=top_level Member=Component F? F -3568
Added Member To Class: ClassName=top_level Member=Component J? Copy of SMTC-TSW-106-07-X-D_1
Added Member To Class: ClassName=top_level Member=Component J? Copy of SMTC-TSW-106-07-X-D_1
Added Member To Class: ClassName=top_level Member=Component J? Copy of SMTC-TSW-106-07-X-D_1
Added Member To Class: ClassName=U_buck_converter Member=Component L? SRN8040-3R3Y
Added Member To Class: ClassName=top_level Member=Component R? R - RES 100R 0.33W 5% 0603
Added Member To Class: ClassName=top_level Member=Component R? R - RES 100R 0.33W 5% 0603
Added Member To Class: ClassName=top_level Member=Component R? R - RES 100R 0.33W 5% 0603
Added Member To Class: ClassName=U_buck_converter Member=Component R? ERJ-3EKF2212V
Added Member To Class: ClassName=U_buck_converter Member=Component R? R - RES 10kR 0.1W 1% 0603
Added Member To Class: ClassName=top_level Member=Component TH? TH - M3 Mounting Hole
Added Member To Class: ClassName=top_level Member=Component TH? TH - M3 Mounting Hole
Added Member To Class: ClassName=top_level Member=Component TH? TH - M3 Mounting Hole
Added Member To Class: ClassName=top_level Member=Component TP? TP - 5008 (Compact)
Added Member To Class: ClassName=top_level Member=Component TP? TP - 5008 (Compact)
Added Member To Class: ClassName=top_level Member=Component TP? TP - 5008 (Compact)
Added Member To Class: ClassName=top_level Member=Component TP? TP - 5008 (Compact)
Added Member To Class: ClassName=top_level Member=Component TP? TP - 5008 (Compact)
Added Member To Class: ClassName=top_level Member=Component TP? TP - 5008 (Compact)
Added Member To Class: ClassName=top_level Member=Component TP? TP - 5008 (Compact)
Added Member To Class: ClassName=top_level Member=Component TP? TP - 5008 (Compact)
Added Member To Class: ClassName=top_level Member=Component TP? TP - 5008 (Compact)
Added Member To Class: ClassName=top_level Member=Component TP? TP - 5008 (Compact)
Added Member To Class: ClassName=top_level Member=Component TP? TP - 5008 (Compact)
Added Member To Class: ClassName=U_buck_converter Member=Component TP? TP - 5008 (Compact)
Added Member To Class: ClassName=U_buck_converter Member=Component TP? TP - 5008 (Compact)
Added Rule: Name=Schematic Supply Nets_1
Added Rule: Name=Schematic Supply Nets_4
Added Rule: Name=Schematic Supply Nets_5
