Removed Pin From Net: NetName=+VIN Pin=D4-1
Removed Pin From Net: NetName=+5V Pin=D5-1
Removed Pin From Net: NetName=+3V3 Pin=D6-1
Removed Pin From Net: NetName=GND Pin=R6-1
Removed Pin From Net: NetName=GND Pin=R7-2
Removed Pin From Net: NetName=GND Pin=R8-2
Removed Member From Class: ClassName=top_level Member=R8
Change Component Comment : Designator=R6 Old Comment=ERJ-PB3B1001V New Comment=R - RES 220R 0.33W 1% 0603
Change Component Comment : Designator=R1 Old Comment=R - RES 100R 0.33W 5% 0603 New Comment=ERJ-PB3B1001V
Change component parameters: Designator = "R1" ("R1"); Footprint = "RES 0603"; UniqueID = "\DAGMQARZ" ("\DAGMQARZ")
Change component parameters (AddParameter): Name = "Value"; Value = "10k"; VariantName = "[No Variations]"
Change component parameters: Designator = "R6" ("R6"); Footprint = "RES 0603"; UniqueID = "\GGBZDFJR" ("\GGBZDFJR")
Change component parameters (AddParameter): Name = "Value"; Value = "220"; VariantName = "[No Variations]"
Added Pin To Net: NetName=GND Pin=D4-2
Added Pin To Net: NetName=GND Pin=D5-2
Added Pin To Net: NetName=GND Pin=D6-2
Added Pin To Net: NetName=+VIN Pin=R1-2
Added Pin To Net: NetName=+5V Pin=R6-2
Added Pin To Net: NetName=+3V3 Pin=R7-1
Added Pin To Net: NetName=NetD4_1 Pin=D4-1
Added Pin To Net: NetName=NetD4_1 Pin=R1-1
Added Net: Name=NetD4_1
Added Pin To Net: NetName=NetD5_1 Pin=D5-1
Added Pin To Net: NetName=NetD5_1 Pin=R6-1
Added Net: Name=NetD5_1
Added Pin To Net: NetName=NetD6_1 Pin=D6-1
Added Pin To Net: NetName=NetD6_1 Pin=R7-2
Added Net: Name=NetD6_1
