Change Component Designator: OldDesignator=C1 NewDesignator=C?
Change Component Designator: OldDesignator=C2 NewDesignator=C?
Change Component Designator: OldDesignator=C3 NewDesignator=C?
Change Component Designator: OldDesignator=C4 NewDesignator=C?
Change Component Designator: OldDesignator=C5 NewDesignator=C?
Change Component Designator: OldDesignator=C6 NewDesignator=C?
Change Component Designator: OldDesignator=C7 NewDesignator=C?
Change Component Designator: OldDesignator=C8 NewDesignator=C?
Change Component Designator: OldDesignator=C9 NewDesignator=C?
Change Component Designator: OldDesignator=C10 NewDesignator=C?
Change Component Designator: OldDesignator=C11 NewDesignator=C?
Change Component Designator: OldDesignator=C12 NewDesignator=C?
Change Component Designator: OldDesignator=C13 NewDesignator=C?
Change Component Designator: OldDesignator=DNP5 NewDesignator=DNP?
Change Component Designator: OldDesignator=DNP6 NewDesignator=DNP?
Change Component Designator: OldDesignator=DNP7 NewDesignator=DNP?
Change Component Designator: OldDesignator=DNP8 NewDesignator=DNP?
Change Component Designator: OldDesignator=DNP9 NewDesignator=DNP?
Change Component Designator: OldDesignator=L1 NewDesignator=L?
Change Component Designator: OldDesignator=M1 NewDesignator=M?
Change Component Designator: OldDesignator=R3 NewDesignator=R?
Change Component Designator: OldDesignator=R4 NewDesignator=R?
Change Component Designator: OldDesignator=R5 NewDesignator=R?
Change Component Designator: OldDesignator=R6 NewDesignator=R?
Change Component Designator: OldDesignator=TP9 NewDesignator=TP?
Change Component Designator: OldDesignator=TP10 NewDesignator=TP?
Change Component Designator: OldDesignator=TP11 NewDesignator=TP?
Change Component Designator: OldDesignator=TP12 NewDesignator=TP?
Change Component Designator: OldDesignator=TP13 NewDesignator=TP?
Change Component Designator: OldDesignator=TP14 NewDesignator=TP?
Change Component Designator: OldDesignator=TP15 NewDesignator=TP?
Change Component Designator: OldDesignator=TP16 NewDesignator=TP?
Change Component Designator: OldDesignator=U1 NewDesignator=U?
Change Component Designator: OldDesignator=U2 NewDesignator=U?
Change Component Designator: OldDesignator=U3 NewDesignator=U?
Change Net Name : Old Net Name=NetC1_1 New Net Name=NetC?_1
Change Net Name : Old Net Name=NetC1_2 New Net Name=NetC?_2
Change Net Name : Old Net Name=NetC7_2 New Net Name=NetC?_2
Change Net Name : Old Net Name=NetC8_2 New Net Name=NetC?_2
Change Net Name : Old Net Name=NetC13_1 New Net Name=NetC?_1
Change Net Name : Old Net Name=NetDNP5_1 New Net Name=NetDNP?_1
Change Net Name : Old Net Name=NetDNP6_2 New Net Name=NetDNP?_2
Change Net Name : Old Net Name=NetDNP9_2 New Net Name=NetDNP?_2
Change Net Name : Old Net Name=NetM1_4 New Net Name=NetM?_4
Add Net: Net with name "NetF?_1" already exists
Add Net: Net with name "NetF?_2" already exists
Added Member To Class: ClassName=top_level Member=Component D? D - General 5mm THT LED
Added Member To Class: ClassName=top_level Member=Component DNP? DNP - DNP PAD 0603
Added Member To Class: ClassName=top_level Member=Component DNP? DNP - DNP PAD 0603
Added Member To Class: ClassName=top_level Member=Component DNP? DNP - DNP PAD 0603
Added Member To Class: ClassName=top_level Member=Component F? F -3568
Added Member To Class: ClassName=top_level Member=Component F? F -3568
Added Member To Class: ClassName=top_level Member=Component J? Copy of SMTC-TSW-106-07-X-D_1
Added Member To Class: ClassName=top_level Member=Component R? R - General THT Resistor
Added Member To Class: ClassName=top_level Member=Component TH? TH - M3 Mounting Hole
Added Member To Class: ClassName=top_level Member=Component TH? TH - M3 Mounting Hole
Added Member To Class: ClassName=top_level Member=Component TH? TH - M3 Mounting Hole
Added Member To Class: ClassName=top_level Member=Component TP? TP - 5008 (Compact)
Added Member To Class: ClassName=top_level Member=Component TP? TP - 5008 (Compact)
Added Member To Class: ClassName=top_level Member=Component TP? TP - 5008 (Compact)
Added Member To Class: ClassName=top_level Member=Component TP? TP - 5008 (Compact)
Added Member To Class: ClassName=top_level Member=Component TP? TP - 5008 (Compact)
Added Member To Class: ClassName=top_level Member=Component TP? TP - 5008 (Compact)
Added Member To Class: ClassName=top_level Member=Component TP? TP - 5008 (Compact)
