Change Component Designator: OldDesignator=C? NewDesignator=C1
Change Component Designator: OldDesignator=C? NewDesignator=C2
Change Component Designator: OldDesignator=C? NewDesignator=C3
Change Component Designator: OldDesignator=C? NewDesignator=C4
Change Component Designator: OldDesignator=C? NewDesignator=C5
Change Component Designator: OldDesignator=C? NewDesignator=C6
Change Component Designator: OldDesignator=C? NewDesignator=C7
Change Component Designator: OldDesignator=C? NewDesignator=C8
Change Component Designator: OldDesignator=C? NewDesignator=C9
Change Component Designator: OldDesignator=C? NewDesignator=C10
Change Component Designator: OldDesignator=C? NewDesignator=C11
Change Component Designator: OldDesignator=C? NewDesignator=C12
Change Component Designator: OldDesignator=C? NewDesignator=C13
Change Component Designator: OldDesignator=D? NewDesignator=D1
Change Component Designator: OldDesignator=D? NewDesignator=D2
Change Component Designator: OldDesignator=DNP? NewDesignator=DNP1
Change Component Designator: OldDesignator=DNP? NewDesignator=DNP2
Change Component Designator: OldDesignator=DNP? NewDesignator=DNP3
Change Component Designator: OldDesignator=DNP? NewDesignator=DNP4
Change Component Designator: OldDesignator=DNP? NewDesignator=DNP5
Change Component Designator: OldDesignator=DNP? NewDesignator=DNP6
Change Component Designator: OldDesignator=DNP? NewDesignator=DNP7
Change Component Designator: OldDesignator=DNP? NewDesignator=DNP8
Change Component Designator: OldDesignator=DNP? NewDesignator=DNP9
Change Component Designator: OldDesignator=F? NewDesignator=F1
Change Component Designator: OldDesignator=J? NewDesignator=J1
Change Component Designator: OldDesignator=J? NewDesignator=J2
Change Component Designator: OldDesignator=L? NewDesignator=L1
Change Component Designator: OldDesignator=M? NewDesignator=M1
Change Component Designator: OldDesignator=R? NewDesignator=R1
Change Component Designator: OldDesignator=R? NewDesignator=R2
Change Component Designator: OldDesignator=R? NewDesignator=R3
Change Component Designator: OldDesignator=R? NewDesignator=R4
Change Component Designator: OldDesignator=R? NewDesignator=R5
Change Component Designator: OldDesignator=R? NewDesignator=R6
Change Component Designator: OldDesignator=TH? NewDesignator=TH1
Change Component Designator: OldDesignator=TH? NewDesignator=TH2
Change Component Designator: OldDesignator=TH? NewDesignator=TH3
Change Component Designator: OldDesignator=TH? NewDesignator=TH4
Change Component Designator: OldDesignator=TP? NewDesignator=TP1
Change Component Designator: OldDesignator=TP? NewDesignator=TP2
Change Component Designator: OldDesignator=TP? NewDesignator=TP3
Change Component Designator: OldDesignator=TP? NewDesignator=TP4
Change Component Designator: OldDesignator=TP? NewDesignator=TP5
Change Component Designator: OldDesignator=TP? NewDesignator=TP6
Change Component Designator: OldDesignator=TP? NewDesignator=TP7
Change Component Designator: OldDesignator=TP? NewDesignator=TP8
Change Component Designator: OldDesignator=TP? NewDesignator=TP9
Change Component Designator: OldDesignator=TP? NewDesignator=TP10
Change Component Designator: OldDesignator=TP? NewDesignator=TP11
Change Component Designator: OldDesignator=TP? NewDesignator=TP12
Change Component Designator: OldDesignator=TP? NewDesignator=TP13
Change Component Designator: OldDesignator=TP? NewDesignator=TP14
Change Component Designator: OldDesignator=TP? NewDesignator=TP15
Change Component Designator: OldDesignator=TP? NewDesignator=TP16
Change Component Designator: OldDesignator=U? NewDesignator=U1
Change Component Designator: OldDesignator=U? NewDesignator=U2
Change Component Designator: OldDesignator=U? NewDesignator=U3
Change Net Name : Old Net Name=NetC?_1 New Net Name=NetC13_1
Change Net Name : Old Net Name=NetC?_2 New Net Name=NetC8_2
Change Net Name : Old Net Name=NetD?_1 New Net Name=NetD1_1
Change Net Name : Old Net Name=NetDNP?_1 New Net Name=NetDNP1_1
Change Net Name : Old Net Name=NetDNP?_1 New Net Name=NetDNP2_1
Change Net Name : Old Net Name=NetDNP?_1 New Net Name=NetDNP3_1
Change Net Name : Old Net Name=NetDNP?_1 New Net Name=NetDNP4_1
Change Net Name : Old Net Name=NetDNP?_2 New Net Name=NetDNP9_2
Change Net Name : Old Net Name=NetM?_4 New Net Name=NetM1_4
Added Pin To Net: NetName=NetC1_1 Pin=C1-1
Added Pin To Net: NetName=NetC1_1 Pin=U1-7
Added Net: Name=NetC1_1
Added Pin To Net: NetName=NetC1_2 Pin=C1-2
Added Pin To Net: NetName=NetC1_2 Pin=L1-2
Added Pin To Net: NetName=NetC1_2 Pin=U1-6
Added Net: Name=NetC1_2
Added Pin To Net: NetName=NetC7_2 Pin=C7-2
Added Pin To Net: NetName=NetC7_2 Pin=U1-3
Added Net: Name=NetC7_2
Added Pin To Net: NetName=NetD2_1 Pin=D2-1
Added Pin To Net: NetName=NetD2_1 Pin=R2-2
Added Net: Name=NetD2_1
Added Pin To Net: NetName=NetDNP5_1 Pin=DNP5-1
Added Pin To Net: NetName=NetDNP5_1 Pin=R4-1
Added Pin To Net: NetName=NetDNP5_1 Pin=R5-2
Added Pin To Net: NetName=NetDNP5_1 Pin=TP10-1
Added Pin To Net: NetName=NetDNP5_1 Pin=U1-2
Added Net: Name=NetDNP5_1
Added Pin To Net: NetName=NetDNP6_2 Pin=DNP6-2
Added Pin To Net: NetName=NetDNP6_2 Pin=R3-1
Added Pin To Net: NetName=NetDNP6_2 Pin=TP9-1
Added Pin To Net: NetName=NetDNP6_2 Pin=U1-1
Added Net: Name=NetDNP6_2
Added Member To Class: ClassName=U_buck_converter Member=Component C1 C - CAP CER 100nF 100V 10% 0603
Added Member To Class: ClassName=U_buck_converter Member=Component C2 GRM21BR61E106KA73L
Added Member To Class: ClassName=U_buck_converter Member=Component C3 GRM21BR61E106KA73L
Added Member To Class: ClassName=U_buck_converter Member=Component C4 C - CAP CER 100nF 100V 10% 0603
Added Member To Class: ClassName=U_buck_converter Member=Component C5 GRM21BR61E226ME44L
Added Member To Class: ClassName=U_buck_converter Member=Component C6 GRM21BR61E226ME44L
Added Member To Class: ClassName=U_buck_converter Member=Component C7 CAP CER 220nF 50V 10% 0603
Added Member To Class: ClassName=U_buck_converter Member=Component C8 C - CAP CER 10nF 100V 10% 0603
Added Member To Class: ClassName=U_ldo_3v3 Member=Component C9 CAP CER 220nF 50V 10% 0603
Added Member To Class: ClassName=U_ldo_3v3 Member=Component C10 CAP CER 220nF 50V 10% 0603
Added Member To Class: ClassName=U_reverse_polarity_protection Member=Component C11 C - CAP CER 100nF 100V 10% 0603
Added Member To Class: ClassName=U_reverse_polarity_protection Member=Component C12 C - CAP CER 100nF 100V 10% 0603
Added Member To Class: ClassName=U_reverse_polarity_protection Member=Component C13 C - CAP CER 100nF 100V 10% 0603
Added Member To Class: ClassName=top_level Member=Component D1 D - General 5mm THT LED
Added Member To Class: ClassName=top_level Member=Component DNP1 DNP - DNP PAD 0603
Added Member To Class: ClassName=top_level Member=Component DNP2 DNP - DNP PAD 0603
Added Member To Class: ClassName=top_level Member=Component DNP3 DNP - DNP PAD 0603
Added Member To Class: ClassName=top_level Member=Component DNP4 DNP - DNP PAD 0603
Added Member To Class: ClassName=U_buck_converter Member=Component DNP5 DNP - DNP PAD 0603
Added Member To Class: ClassName=U_buck_converter Member=Component DNP6 DNP - DNP PAD 0603
Added Member To Class: ClassName=U_ldo_3v3 Member=Component DNP7 DNP - DNP PAD 0603
Added Member To Class: ClassName=U_ldo_3v3 Member=Component DNP8 DNP - DNP PAD 0603
Added Member To Class: ClassName=U_ldo_3v3 Member=Component DNP9 DNP - DNP PAD 0603
Added Member To Class: ClassName=top_level Member=Component J2 Copy of SMTC-TSW-106-07-X-D_1
Added Member To Class: ClassName=U_buck_converter Member=Component L1 SRN8040-3R3Y
Added Member To Class: ClassName=top_level Member=Component R1 R - General THT Resistor
Added Member To Class: ClassName=top_level Member=Component R2 R - General THT Resistor
Added Member To Class: ClassName=U_buck_converter Member=Component R3 R - RES 10kR 0.1W 1% 0603
Added Member To Class: ClassName=U_buck_converter Member=Component R4 RC0603FR-07121KL
Added Member To Class: ClassName=U_buck_converter Member=Component R5 ERJ-3EKF2212V
Added Member To Class: ClassName=U_ldo_3v3 Member=Component R6 R - RES 10kR 0.1W 1% 0603
Added Member To Class: ClassName=top_level Member=Component TH1 TH - M3 Mounting Hole
Added Member To Class: ClassName=top_level Member=Component TH2 TH - M3 Mounting Hole
Added Member To Class: ClassName=top_level Member=Component TH4 TH - M3 Mounting Hole
Added Member To Class: ClassName=top_level Member=Component TP1 TP - 5008 (Compact)
Added Member To Class: ClassName=top_level Member=Component TP2 TP - 5008 (Compact)
Added Member To Class: ClassName=top_level Member=Component TP3 TP - 5008 (Compact)
Added Member To Class: ClassName=top_level Member=Component TP4 TP - 5008 (Compact)
Added Member To Class: ClassName=top_level Member=Component TP5 TP - 5008 (Compact)
Added Member To Class: ClassName=top_level Member=Component TP6 TP - 5008 (Compact)
Added Member To Class: ClassName=top_level Member=Component TP7 TP - 5008 (Compact)
Added Member To Class: ClassName=top_level Member=Component TP8 TP - 5008 (Compact)
Added Member To Class: ClassName=U_buck_converter Member=Component TP9 TP - 5008 (Compact)
Added Member To Class: ClassName=U_buck_converter Member=Component TP10 TP - SMD Pad Testpoint-Symbol-1
Added Member To Class: ClassName=U_buck_converter Member=Component TP11 TP - 5008 (Compact)
Added Member To Class: ClassName=U_buck_converter Member=Component TP12 TP - 5008 (Compact)
Added Member To Class: ClassName=U_ldo_3v3 Member=Component TP13 TP - 5008 (Compact)
Added Member To Class: ClassName=U_ldo_3v3 Member=Component TP14 TP - 5008 (Compact)
Added Member To Class: ClassName=U_ldo_3v3 Member=Component TP15 TP - 5008 (Compact)
Added Member To Class: ClassName=U_reverse_polarity_protection Member=Component TP16 TP - SMD Pad Testpoint-Symbol-1
Added Member To Class: ClassName=U_buck_converter Member=Component U1 U - TPS54327DDAR
Added Member To Class: ClassName=U_ldo_3v3 Member=Component U2 TLV75733PDBVR
Added Member To Class: ClassName=U_reverse_polarity_protection Member=Component U3 U - LM74500QDDFRQ1
