Removed Pin From Net: NetName=+3V3 Pin=C?-2
Removed Pin From Net: NetName=+3V3 Pin=C?-2
Removed Pin From Net: NetName=+3V3 Pin=C?-2
Removed Pin From Net: NetName=+3V3 Pin=C?-2
Removed Pin From Net: NetName=+3V3 Pin=DNP?-1
Removed Pin From Net: NetName=+3V3 Pin=DNP?-2
Removed Pin From Net: NetName=+3V3 Pin=DNP?-2
Removed Pin From Net: NetName=+3V3 Pin=DNP?-2
Removed Pin From Net: NetName=+3V3 Pin=L?-1
Removed Pin From Net: NetName=+3V3 Pin=R?-2
Removed Pin From Net: NetName=+3V3 Pin=R?-2
Removed Pin From Net: NetName=+3V3 Pin=U?-1
Removed Pin From Net: NetName=+3V3 Pin=U?-5
Added Component: Designator=TP?(5008 - Keystone Compact Footprint)
Added Component: Designator=TP?(5008 - Keystone Compact Footprint)
Added Component: Designator=TP?(5008 - Keystone Compact Footprint)
Added Component: Designator=TP?(5008 - Keystone Compact Footprint)
Added Component: Designator=TP?(5008 - Keystone Compact Footprint)
Added Component: Designator=TP?(5008 - Keystone Compact Footprint)
Added Component: Designator=TP?(5008 - Keystone Compact Footprint)
Added Component: Designator=TP?(5008 - Keystone Compact Footprint)
Added Pin To Net: NetName=+3V3 Pin=TP?-1
Added Pin To Net: NetName=+3V3 Pin=TP?-1
Added Pin To Net: NetName=+3V3 Pin=TP?-1
Added Pin To Net: NetName=+VBATT_PROT Pin=TP?-1
Change Net Name : Old Net Name=+3V3 New Net Name=GND
Added Pin To Net: NetName=+3V3 Pin=C?-2
Added Pin To Net: NetName=+3V3 Pin=DNP?-2
Added Pin To Net: NetName=+3V3 Pin=TP?-1
Added Pin To Net: NetName=+3V3 Pin=TP?-1
Added Pin To Net: NetName=+3V3 Pin=U?-5
Added Net: Name=+3V3
Added Pin To Net: NetName=+5V Pin=C?-2
Added Pin To Net: NetName=+5V Pin=C?-2
Added Pin To Net: NetName=+5V Pin=C?-2
Added Pin To Net: NetName=+5V Pin=DNP?-1
Added Pin To Net: NetName=+5V Pin=DNP?-2
Added Pin To Net: NetName=+5V Pin=DNP?-2
Added Pin To Net: NetName=+5V Pin=L?-1
Added Pin To Net: NetName=+5V Pin=R?-2
Added Pin To Net: NetName=+5V Pin=R?-2
Added Pin To Net: NetName=+5V Pin=TP?-1
Added Pin To Net: NetName=+5V Pin=TP?-1
Added Pin To Net: NetName=+5V Pin=U?-1
Added Net: Name=+5V
Add Net: Net with name "NetC?_2" already exists
Add Net: Net with name "NetC?_2" already exists
Add Net: Net with name "NetDNP?_1" already exists
Add Net: Net with name "NetDNP?_1" already exists
Add Net: Net with name "NetDNP?_1" already exists
Add Net: Net with name "NetDNP?_1" already exists
Add Net: Net with name "NetDNP?_2" already exists
Change Class Name : Old Net Name=ldo_3v3 New Net Name=buck_converter
Added Class: Name=ldo_3v3
Added Member To Class: ClassName=buck_converter Member=Component C? C - CAP CER 100nF 100V 10% 0603
Added Member To Class: ClassName=buck_converter Member=Component C? C - CAP CER 100nF 100V 10% 0603
Added Member To Class: ClassName=buck_converter Member=Component C? C - CAP CER 10nF 100V 10% 0603
Added Member To Class: ClassName=buck_converter Member=Component C? CAP CER 220nF 50V 10% 0603
Added Member To Class: ClassName=buck_converter Member=Component C? GRM21BR61E106KA73L
Added Member To Class: ClassName=buck_converter Member=Component C? GRM21BR61E226ME44L
Added Member To Class: ClassName=buck_converter Member=Component C? GRM21BR61E226ME44L
Added Member To Class: ClassName=buck_converter Member=Component DNP? DNP - DNP PAD 0603
Added Member To Class: ClassName=top_level Member=Component DNP? DNP - DNP PAD 0603
Added Member To Class: ClassName=top_level Member=Component DNP? DNP - DNP PAD 0603
Added Member To Class: ClassName=top_level Member=Component DNP? DNP - DNP PAD 0603
Added Member To Class: ClassName=buck_converter Member=Component L? SRN8040-3R3Y
Added Member To Class: ClassName=buck_converter Member=Component R? R - RES 10kR 0.1W 1% 0603
Added Member To Class: ClassName=buck_converter Member=Component R? ERJ-3EKF2212V
Added Member To Class: ClassName=top_level Member=Component TH? TH - M3 Mounting Hole
Added Member To Class: ClassName=top_level Member=Component TH? TH - M3 Mounting Hole
Added Member To Class: ClassName=top_level Member=Component TH? TH - M3 Mounting Hole
Added Member To Class: ClassName=buck_converter Member=Component TP? TP - 5008 (Compact)
Added Member To Class: ClassName=buck_converter Member=Component TP? TP - 5008 (Compact)
Added Member To Class: ClassName=buck_converter Member=Component TP? TP - SMD Pad Testpoint-Symbol-1
Added Member To Class: ClassName=top_level Member=Component TP? TP - 5008 (Compact)
Added Member To Class: ClassName=top_level Member=Component TP? TP - 5008 (Compact)
Added Member To Class: ClassName=top_level Member=Component TP? TP - 5008 (Compact)
Added Member To Class: ClassName=top_level Member=Component TP? TP - 5008 (Compact)
Added Member To Class: ClassName=top_level Member=Component TP? TP - 5008 (Compact)
Added Member To Class: ClassName=top_level Member=Component TP? TP - 5008 (Compact)
Added Rule: Name=Schematic Supply Nets_1
Added Rule: Name=Schematic Supply Nets_2
