Added Component: Designator=C?(CAP_0603)
Add component (AddParameter): Name = "Parameter 2"; Value = ""; VariantName = "[No Variations]"
Add component (AddParameter): Name = "Value"; Value = "1uF"; VariantName = "[No Variations]"
Added Component: Designator=C?(CAP_0603)
Add component (AddParameter): Name = "Parameter 2"; Value = ""; VariantName = "[No Variations]"
Add component (AddParameter): Name = "Value"; Value = "1uF"; VariantName = "[No Variations]"
Added Component: Designator=DNP?(DNP 0603)
Added Component: Designator=DNP?(DNP 0603)
Added Component: Designator=R?(RES 0603)
Add component (AddParameter): Name = "Value"; Value = "10k"; VariantName = "[No Variations]"
Added Component: Designator=TP?(5008 - Keystone Compact Footprint)
Added Component: Designator=TP?(5008 - Keystone Compact Footprint)
Added Pin To Net: NetName=+5V Pin=C?-1
Added Pin To Net: NetName=+5V Pin=C?-1
Added Pin To Net: NetName=+5V Pin=C?-2
Added Pin To Net: NetName=+5V Pin=C?-2
Added Pin To Net: NetName=+5V Pin=DNP?-1
Added Pin To Net: NetName=+5V Pin=DNP?-1
Added Pin To Net: NetName=+5V Pin=DNP?-2
Added Pin To Net: NetName=+5V Pin=R?-2
Added Pin To Net: NetName=+5V Pin=TP?-1
Added Pin To Net: NetName=+5V Pin=U?-1
Added Pin To Net: NetName=+5V Pin=U?-2
Added Pin To Net: NetName=+5V Pin=U?-5
Change Net Name : Old Net Name=+5V New Net Name=+3V3
Add Net: Net with name "NetC?_2" already exists
Add Net: Net with name "NetC?_2" already exists
Add Net: Net with name "NetDNP?_1" already exists
Add Net: Net with name "NetDNP?_1" already exists
Add Net: Net with name "NetDNP?_1" already exists
Add Net: Net with name "NetDNP?_1" already exists
Add Net: Net with name "NetDNP?_2" already exists
Added Member To Class: ClassName=buck_converter Member=Component C? C - CAP CER 100nF 100V 10% 0603
Added Member To Class: ClassName=buck_converter Member=Component C? C - CAP CER 100nF 100V 10% 0603
Added Member To Class: ClassName=buck_converter Member=Component C? C - CAP CER 10nF 100V 10% 0603
Added Member To Class: ClassName=buck_converter Member=Component C? CAP CER 220nF 50V 10% 0603
Added Member To Class: ClassName=buck_converter Member=Component C? GRM21BR61E106KA73L
Added Member To Class: ClassName=buck_converter Member=Component C? GRM21BR61E226ME44L
Added Member To Class: ClassName=buck_converter Member=Component C? GRM21BR61E226ME44L
Added Member To Class: ClassName=ldo_3v3 Member=Component C? CAP CER 220nF 50V 10% 0603
Added Member To Class: ClassName=ldo_3v3 Member=Component C? CAP CER 220nF 50V 10% 0603
Added Member To Class: ClassName=buck_converter Member=Component DNP? DNP - DNP PAD 0603
Added Member To Class: ClassName=ldo_3v3 Member=Component DNP? DNP - DNP PAD 0603
Added Member To Class: ClassName=ldo_3v3 Member=Component DNP? DNP - DNP PAD 0603
Added Member To Class: ClassName=top_level Member=Component DNP? DNP - DNP PAD 0603
Added Member To Class: ClassName=top_level Member=Component DNP? DNP - DNP PAD 0603
Added Member To Class: ClassName=top_level Member=Component DNP? DNP - DNP PAD 0603
Added Member To Class: ClassName=buck_converter Member=Component R? ERJ-3EKF2212V
Added Member To Class: ClassName=buck_converter Member=Component R? R - RES 10kR 0.1W 1% 0603
Added Member To Class: ClassName=ldo_3v3 Member=Component R? R - RES 10kR 0.1W 1% 0603
Added Member To Class: ClassName=top_level Member=Component TH? TH - M3 Mounting Hole
Added Member To Class: ClassName=top_level Member=Component TH? TH - M3 Mounting Hole
Added Member To Class: ClassName=top_level Member=Component TH? TH - M3 Mounting Hole
Added Member To Class: ClassName=buck_converter Member=Component TP? TP - 5008 (Compact)
Added Member To Class: ClassName=buck_converter Member=Component TP? TP - SMD Pad Testpoint-Symbol-1
Added Member To Class: ClassName=ldo_3v3 Member=Component TP? TP - 5008 (Compact)
Added Member To Class: ClassName=ldo_3v3 Member=Component TP? TP - 5008 (Compact)
Added Rule: Name=Schematic Supply Nets
