Added Component: Designator=C?(CAP_0603)
Add component (AddParameter): Name = "Parameter 2"; Value = ""; VariantName = "[No Variations]"
Add component (AddParameter): Name = "Value"; Value = "100nF"; VariantName = "[No Variations]"
Added Component: Designator=C?(CAP_0603)
Add component (AddParameter): Name = "Parameter 2"; Value = ""; VariantName = "[No Variations]"
Add component (AddParameter): Name = "Value"; Value = "100nF"; VariantName = "[No Variations]"
Added Pin To Net: NetName=GND Pin=C?-1
Added Pin To Net: NetName=GND Pin=C?-1
Added Pin To Net: NetName=+VBATT_PROT Pin=C?-2
Added Pin To Net: NetName=+VIN Pin=C?-2
Added Pin To Net: NetName=+VBATT_PROT Pin=U?-1
Added Pin To Net: NetName=+VBATT_PROT Pin=U?-5
Added Pin To Net: NetName=NetM?_4 Pin=M?-4
Added Pin To Net: NetName=NetM?_4 Pin=U?-6
Added Net: Name=NetM?_4
Change Class Name : Old Net Name=U_ldo_3v3 New Net Name=U_buck_converter
Added Class: Name=U_ldo_3v3
Added Member To Class: ClassName=U_buck_converter Member=Component C? C - CAP CER 100nF 100V 10% 0603
Added Member To Class: ClassName=U_buck_converter Member=Component C? C - CAP CER 100nF 100V 10% 0603
Added Member To Class: ClassName=U_buck_converter Member=Component C? C - CAP CER 10nF 100V 10% 0603
Added Member To Class: ClassName=U_buck_converter Member=Component C? CAP CER 220nF 50V 10% 0603
Added Member To Class: ClassName=U_buck_converter Member=Component C? GRM21BR61E106KA73L
Added Member To Class: ClassName=U_buck_converter Member=Component C? GRM21BR61E226ME44L
Added Member To Class: ClassName=U_buck_converter Member=Component C? GRM21BR61E226ME44L
Added Member To Class: ClassName=U_reverse_polarity_protection Member=Component C? C - CAP CER 100nF 100V 10% 0603
Added Member To Class: ClassName=U_reverse_polarity_protection Member=Component C? C - CAP CER 100nF 100V 10% 0603
Added Member To Class: ClassName=top_level Member=Component DNP? DNP - DNP PAD 0603
Added Member To Class: ClassName=top_level Member=Component DNP? DNP - DNP PAD 0603
Added Member To Class: ClassName=top_level Member=Component DNP? DNP - DNP PAD 0603
Added Member To Class: ClassName=U_buck_converter Member=Component DNP? DNP - DNP PAD 0603
Added Member To Class: ClassName=U_buck_converter Member=Component L? SRN8040-3R3Y
Added Member To Class: ClassName=U_reverse_polarity_protection Member=Component M? M - DMT6007LFG-7
Added Member To Class: ClassName=U_buck_converter Member=Component R? ERJ-3EKF2212V
Added Member To Class: ClassName=U_buck_converter Member=Component R? R - RES 10kR 0.1W 1% 0603
Added Member To Class: ClassName=top_level Member=Component TH? TH - M3 Mounting Hole
Added Member To Class: ClassName=top_level Member=Component TH? TH - M3 Mounting Hole
Added Member To Class: ClassName=top_level Member=Component TH? TH - M3 Mounting Hole
Added Member To Class: ClassName=top_level Member=Component TP? TP - 5008 (Compact)
Added Member To Class: ClassName=top_level Member=Component TP? TP - 5008 (Compact)
Added Member To Class: ClassName=top_level Member=Component TP? TP - 5008 (Compact)
Added Member To Class: ClassName=top_level Member=Component TP? TP - 5008 (Compact)
Added Member To Class: ClassName=top_level Member=Component TP? TP - 5008 (Compact)
Added Member To Class: ClassName=U_buck_converter Member=Component TP? TP - 5008 (Compact)
Added Member To Class: ClassName=U_buck_converter Member=Component TP? TP - 5008 (Compact)
Added Member To Class: ClassName=U_buck_converter Member=Component TP? TP - SMD Pad Testpoint-Symbol-1
