Change Component Designator: Old Designator=D? New Designator=D1
Change Component Designator: Old Designator=D? New Designator=D2
Change Component Designator: Old Designator=D? New Designator=D3
Change Component Designator: Old Designator=D? New Designator=D4
Change Component Designator: Old Designator=D? New Designator=D5
Change Component Designator: Old Designator=D? New Designator=D6
Change Component Designator: Old Designator=DNP? New Designator=DNP1
Change Component Designator: Old Designator=DNP? New Designator=DNP2
Change Component Designator: Old Designator=DNP? New Designator=DNP3
Change Component Designator: Old Designator=DNP? New Designator=DNP4
Change Component Designator: Old Designator=DNP? New Designator=DNP5
Change Component Designator: Old Designator=DNP? New Designator=DNP6
Change Component Designator: Old Designator=F? New Designator=F1
Change Component Designator: Old Designator=F? New Designator=F2
Change Component Designator: Old Designator=F? New Designator=F3
Change Component Designator: Old Designator=GND? New Designator=GND1
Change Component Designator: Old Designator=GND? New Designator=GND2
Change Component Designator: Old Designator=GND? New Designator=GND3
Change Component Designator: Old Designator=GND? New Designator=GND4
Change Component Designator: Old Designator=GND? New Designator=GND5
Change Component Designator: Old Designator=GND? New Designator=GND6
Change Component Designator: Old Designator=J? New Designator=J1
Change Component Designator: Old Designator=J? New Designator=J2
Change Component Designator: Old Designator=J? New Designator=J3
Change Component Designator: Old Designator=J? New Designator=J4
Change Component Designator: Old Designator=R? New Designator=R1
Change Component Designator: Old Designator=R? New Designator=R6
Change Component Designator: Old Designator=R? New Designator=R7
Change Component Designator: Old Designator=R? New Designator=R8
Change Component Designator: Old Designator=TH? New Designator=TH1
Change Component Designator: Old Designator=TH? New Designator=TH2
Change Component Designator: Old Designator=TH? New Designator=TH3
Change Component Designator: Old Designator=TH? New Designator=TH4
