Change Component Designator: Old Designator=D? New Designator=D1
Change Component Designator: Old Designator=D? New Designator=D2
Change Component Designator: Old Designator=DNP? New Designator=DNP1
Change Component Designator: Old Designator=DNP? New Designator=DNP2
Change Component Designator: Old Designator=DNP? New Designator=DNP3
Change Component Designator: Old Designator=DNP? New Designator=DNP4
Change Component Designator: Old Designator=F? New Designator=F1
Change Component Designator: Old Designator=J? New Designator=J1
Change Component Designator: Old Designator=J? New Designator=J2
Change Component Designator: Old Designator=R? New Designator=R1
Change Component Designator: Old Designator=R? New Designator=R2
Change Component Designator: Old Designator=TH? New Designator=TH1
Change Component Designator: Old Designator=TH? New Designator=TH2
Change Component Designator: Old Designator=TH? New Designator=TH3
Change Component Designator: Old Designator=TH? New Designator=TH4
Change Component Designator: Old Designator=TP? New Designator=TP1
Change Component Designator: Old Designator=TP? New Designator=TP2
Change Component Designator: Old Designator=TP? New Designator=TP3
Change Component Designator: Old Designator=TP? New Designator=TP4
Change Component Designator: Old Designator=TP? New Designator=TP5
Change Component Designator: Old Designator=TP? New Designator=TP6
Change Component Designator: Old Designator=TP? New Designator=TP7
Change Component Designator: Old Designator=TP? New Designator=TP8
